Using pre-set license
Built from '2021.3/staging' branch; Version is '2021.3.9f1 (ad3870b89536) revision 11352176'; Using compiler version '192829333'; Build Type 'Release'
OS: 'Windows 11  (10.0.22000) 64bit CoreSingleLanguage' Language: 'en' Physical Memory: 7976 MB
BatchMode: 1, IsHumanControllingUs: 0, StartBugReporterOnCrash: 0, Is64bit: 1, IsPro: 1

COMMAND LINE ARGUMENTS:
C:\Program Files\Unity\Hub\Editor\2021.3.9f1\Editor\Unity.exe
-adb2
-batchMode
-noUpm
-name
AssetImportWorker3
-projectPath
D:/Files/Personal Files/Documents/Personal Docs/MS/THI/Sem 2 - Assignments/AR VR/Git Final/ar-vr-thi-app
-logFile
Logs/AssetImportWorker3.log
-srvPort
57053
Successfully changed project path to: D:/Files/Personal Files/Documents/Personal Docs/MS/THI/Sem 2 - Assignments/AR VR/Git Final/ar-vr-thi-app
D:/Files/Personal Files/Documents/Personal Docs/MS/THI/Sem 2 - Assignments/AR VR/Git Final/ar-vr-thi-app
[UnityMemory] Configuration Parameters - Can be set up in boot.config
    "memorysetup-bucket-allocator-granularity=16"
    "memorysetup-bucket-allocator-bucket-count=8"
    "memorysetup-bucket-allocator-block-size=33554432"
    "memorysetup-bucket-allocator-block-count=8"
    "memorysetup-main-allocator-block-size=16777216"
    "memorysetup-thread-allocator-block-size=16777216"
    "memorysetup-gfx-main-allocator-block-size=16777216"
    "memorysetup-gfx-thread-allocator-block-size=16777216"
    "memorysetup-cache-allocator-block-size=4194304"
    "memorysetup-typetree-allocator-block-size=2097152"
    "memorysetup-profiler-bucket-allocator-granularity=16"
    "memorysetup-profiler-bucket-allocator-bucket-count=8"
    "memorysetup-profiler-bucket-allocator-block-size=33554432"
    "memorysetup-profiler-bucket-allocator-block-count=8"
    "memorysetup-profiler-allocator-block-size=16777216"
    "memorysetup-profiler-editor-allocator-block-size=1048576"
    "memorysetup-temp-allocator-size-main=16777216"
    "memorysetup-job-temp-allocator-block-size=2097152"
    "memorysetup-job-temp-allocator-block-size-background=1048576"
    "memorysetup-job-temp-allocator-reduction-small-platforms=262144"
    "memorysetup-temp-allocator-size-background-worker=32768"
    "memorysetup-temp-allocator-size-job-worker=262144"
    "memorysetup-temp-allocator-size-preload-manager=33554432"
    "memorysetup-temp-allocator-size-nav-mesh-worker=65536"
    "memorysetup-temp-allocator-size-audio-worker=65536"
    "memorysetup-temp-allocator-size-cloud-worker=32768"
    "memorysetup-temp-allocator-size-gi-baking-worker=262144"
    "memorysetup-temp-allocator-size-gfx=262144"
Refreshing native plugins compatible for Editor in 226.05 ms, found 15 plugins.
Preloading 0 native plugins for Editor in 0.00 ms.
Initialize engine version: 2021.3.9f1 (ad3870b89536)
[Subsystems] Discovering subsystems at path C:/Program Files/Unity/Hub/Editor/2021.3.9f1/Editor/Data/Resources/UnitySubsystems
[Subsystems] Discovering subsystems at path D:/Files/Personal Files/Documents/Personal Docs/MS/THI/Sem 2 - Assignments/AR VR/Git Final/ar-vr-thi-app/Assets
GfxDevice: creating device client; threaded=0; jobified=0
Direct3D:
    Version:  Direct3D 11.0 [level 11.1]
    Renderer: Intel(R) UHD Graphics (ID=0x9b41)
    Vendor:   Intel
    VRAM:     3988 MB
    Driver:   27.20.100.9664
Initialize mono
Mono path[0] = 'C:/Program Files/Unity/Hub/Editor/2021.3.9f1/Editor/Data/Managed'
Mono path[1] = 'C:/Program Files/Unity/Hub/Editor/2021.3.9f1/Editor/Data/MonoBleedingEdge/lib/mono/unityjit-win32'
Mono config path = 'C:/Program Files/Unity/Hub/Editor/2021.3.9f1/Editor/Data/MonoBleedingEdge/etc'
Using monoOptions --debugger-agent=transport=dt_socket,embedding=1,server=y,suspend=n,address=127.0.0.1:56480
Begin MonoManager ReloadAssembly
Registering precompiled unity dll's ...
Register platform support module: C:/Program Files/Unity/Hub/Editor/2021.3.9f1/Editor/Data/PlaybackEngines/WindowsStandaloneSupport/UnityEditor.WindowsStandalone.Extensions.dll
Registered in 0.007303 seconds.
Native extension for WindowsStandalone target not found
Refreshing native plugins compatible for Editor in 183.68 ms, found 15 plugins.
Preloading 0 native plugins for Editor in 0.00 ms.
Mono: successfully reloaded assembly
- Completed reload, in  1.135 seconds
Domain Reload Profiling:
	ReloadAssembly (1136ms)
		BeginReloadAssembly (120ms)
			ExecutionOrderSort (0ms)
			DisableScriptedObjects (0ms)
			BackupInstance (0ms)
			ReleaseScriptingObjects (0ms)
			CreateAndSetChildDomain (1ms)
		EndReloadAssembly (840ms)
			LoadAssemblies (117ms)
			RebuildTransferFunctionScriptingTraits (0ms)
			SetupTypeCache (182ms)
			ReleaseScriptCaches (0ms)
			RebuildScriptCaches (50ms)
			SetupLoadedEditorAssemblies (512ms)
				LogAssemblyErrors (0ms)
				InitializePlatformSupportModulesInManaged (11ms)
				SetLoadedEditorAssemblies (0ms)
				RefreshPlugins (184ms)
				BeforeProcessingInitializeOnLoad (2ms)
				ProcessInitializeOnLoadAttributes (232ms)
				ProcessInitializeOnLoadMethodAttributes (83ms)
				AfterProcessingInitializeOnLoad (0ms)
				EditorAssembliesLoaded (0ms)
			ExecutionOrderSort2 (0ms)
			AwakeInstancesAfterBackupRestoration (0ms)
Platform modules already initialized, skipping
Registering precompiled user dll's ...
Registered in 0.014574 seconds.
Begin MonoManager ReloadAssembly
Symbol file LoadedFromMemory doesn't match image D:\Files\Personal Files\Documents\Personal Docs\MS\THI\Sem 2 - Assignments\AR VR\Git Final\ar-vr-thi-app\Library\PackageCache\com.unity.visualscripting@1.7.8\Editor\VisualScripting.Core\Dependencies\DotNetZip\Unity.VisualScripting.IonicZip.dll
Symbol file LoadedFromMemory doesn't match image D:\Files\Personal Files\Documents\Personal Docs\MS\THI\Sem 2 - Assignments\AR VR\Git Final\ar-vr-thi-app\Library\PackageCache\com.unity.visualscripting@1.7.8\Editor\VisualScripting.Core\Dependencies\YamlDotNet\Unity.VisualScripting.YamlDotNet.dll
Native extension for WindowsStandalone target not found
Refreshing native plugins compatible for Editor in 412.97 ms, found 15 plugins.
Preloading 0 native plugins for Editor in 0.00 ms.
Package Manager log level set to [2]
Mono: successfully reloaded assembly
- Completed reload, in  3.099 seconds
Domain Reload Profiling:
	ReloadAssembly (3103ms)
		BeginReloadAssembly (174ms)
			ExecutionOrderSort (0ms)
			DisableScriptedObjects (8ms)
			BackupInstance (0ms)
			ReleaseScriptingObjects (0ms)
			CreateAndSetChildDomain (28ms)
		EndReloadAssembly (2717ms)
			LoadAssemblies (136ms)
			RebuildTransferFunctionScriptingTraits (0ms)
			SetupTypeCache (557ms)
			ReleaseScriptCaches (1ms)
			RebuildScriptCaches (169ms)
			SetupLoadedEditorAssemblies (1665ms)
				LogAssemblyErrors (0ms)
				InitializePlatformSupportModulesInManaged (17ms)
				SetLoadedEditorAssemblies (1ms)
				RefreshPlugins (413ms)
				BeforeProcessingInitializeOnLoad (440ms)
				ProcessInitializeOnLoadAttributes (727ms)
				ProcessInitializeOnLoadMethodAttributes (55ms)
				AfterProcessingInitializeOnLoad (12ms)
				EditorAssembliesLoaded (1ms)
			ExecutionOrderSort2 (0ms)
			AwakeInstancesAfterBackupRestoration (9ms)
Platform modules already initialized, skipping
========================================================================
Worker process is ready to serve import requests
Launched and connected shader compiler UnityShaderCompiler.exe after 0.08 seconds
Refreshing native plugins compatible for Editor in 1.74 ms, found 15 plugins.
Preloading 0 native plugins for Editor in 0.00 ms.
Unloading 5421 Unused Serialized files (Serialized files now loaded: 0)
Unloading 92 unused Assets / (58.6 KB). Loaded Objects now: 5830.
Memory consumption went from 208.1 MB to 208.1 MB.
Total: 6.530500 ms (FindLiveObjects: 0.626900 ms CreateObjectMapping: 0.675400 ms MarkObjects: 4.988600 ms  DeleteObjects: 0.237500 ms)

AssetImportParameters requested are different than current active one (requested -> active):
  custom:video-decoder-ogg-theora: a1e56fd34408186e4bbccfd4996cb3dc -> 
  custom:container-muxer-webm: aa71ff27fc2769a1b78a27578f13a17b -> 
  custom:container-demuxer-webm: 4f35f7cbe854078d1ac9338744f61a02 -> 
  custom:video-encoder-webm-vp8: eb34c28f22e8b96e1ab97ce403110664 -> 
  custom:video-codec-MediaFoundation-h265: 746d11721c4dcdbdad8f713fa42b33f4 -> 
  custom:audio-encoder-webm-vorbis: bf7c407c2cedff20999df2af8eb42d56 -> 
  custom:framework-win-MediaFoundation: 216162199b28c13a410421893ffa2e32 -> 
  custom:container-demuxer-ogg: 62fdf1f143b41e24485cea50d1cbac27 -> 
  custom:video-decoder-webm-vp8: 9c59270c3fd7afecdb556c50c9e8de78 -> 
  custom:audio-decoder-ogg-vorbis: bf7c407c2cedff20999df2af8eb42d56 -> 
========================================================================
Received Import Request.
  Time since last request: 80422.179896 seconds.
  path: Assets/Scene_assets/Apple.blend
  artifactKey: Guid(ef3d0f57630b0aa4087fa58f4b927d93) Importer(815301076,1909f56bfc062723c751e8b465ee728b)
Start importing Assets/Scene_assets/Apple.blend using Guid(ef3d0f57630b0aa4087fa58f4b927d93) Importer(815301076,1909f56bfc062723c751e8b465ee728b)  -> (artifact id: '7aa8109b29e57aecd9d2f585a995c355') in 0.290222 seconds 
========================================================================
Received Import Request.
  Time since last request: 0.000040 seconds.
  path: Assets/Scene_assets/Beetroot.blend
  artifactKey: Guid(980cfadb3fc0f13469064d09ab4754b0) Importer(815301076,1909f56bfc062723c751e8b465ee728b)
Start importing Assets/Scene_assets/Beetroot.blend using Guid(980cfadb3fc0f13469064d09ab4754b0) Importer(815301076,1909f56bfc062723c751e8b465ee728b)  -> (artifact id: '6eb88b5755a092d8ab8c637a091ddebd') in 0.083488 seconds 
========================================================================
Received Import Request.
  Time since last request: 0.000057 seconds.
  path: Assets/Scene_assets/Fist.blend
  artifactKey: Guid(50fd02326e69ad84fb82ea92e78d0628) Importer(815301076,1909f56bfc062723c751e8b465ee728b)
Start importing Assets/Scene_assets/Fist.blend using Guid(50fd02326e69ad84fb82ea92e78d0628) Importer(815301076,1909f56bfc062723c751e8b465ee728b)  -> (artifact id: 'a5bf307f18e11a84b66ba91f86b11dc0') in 0.746554 seconds 
========================================================================
Received Import Request.
  Time since last request: 0.000056 seconds.
  path: Assets/Scene_assets/Rocket 1.blend
  artifactKey: Guid(65b206fd76725504aac6306b4c33f58b) Importer(815301076,1909f56bfc062723c751e8b465ee728b)
Start importing Assets/Scene_assets/Rocket 1.blend using Guid(65b206fd76725504aac6306b4c33f58b) Importer(815301076,1909f56bfc062723c751e8b465ee728b)  -> (artifact id: 'f1ab5c93844a907555b4dec38033acc7') in 0.162397 seconds 
========================================================================
Received Import Request.
  Time since last request: 0.000053 seconds.
  path: Assets/Scene_assets/Weighing_Scale 1.blend
  artifactKey: Guid(26b221c91fcd5e246ab6c942b117b4f9) Importer(815301076,1909f56bfc062723c751e8b465ee728b)
Start importing Assets/Scene_assets/Weighing_Scale 1.blend using Guid(26b221c91fcd5e246ab6c942b117b4f9) Importer(815301076,1909f56bfc062723c751e8b465ee728b)  -> (artifact id: '5adfb82f89d88913ad292859f53211d2') in 0.138744 seconds 
========================================================================
Received Import Request.
  Time since last request: 0.000032 seconds.
  path: Assets/Scene_assets/Dwarf.blend
  artifactKey: Guid(7136883c72eae7f43a38fde99da31414) Importer(815301076,1909f56bfc062723c751e8b465ee728b)
Start importing Assets/Scene_assets/Dwarf.blend using Guid(7136883c72eae7f43a38fde99da31414) Importer(815301076,1909f56bfc062723c751e8b465ee728b)  -> (artifact id: '843dc8f00029e8f8718f9e695e5beee7') in 0.177706 seconds 
========================================================================
Received Import Request.
  Time since last request: 0.000030 seconds.
  path: Assets/Scene_assets/Ruler.blend
  artifactKey: Guid(0d7bb5c13522fd744b25a8ed79641f8a) Importer(815301076,1909f56bfc062723c751e8b465ee728b)
Start importing Assets/Scene_assets/Ruler.blend using Guid(0d7bb5c13522fd744b25a8ed79641f8a) Importer(815301076,1909f56bfc062723c751e8b465ee728b)  -> (artifact id: '48b039887e25c16f469439b6b7a993f9') in 0.064214 seconds 
========================================================================
Received Import Request.
  Time since last request: 0.000053 seconds.
  path: Assets/Scene_assets/Speedometer.blend
  artifactKey: Guid(c4ddc5badd9e0334cac56751a644b8e5) Importer(815301076,1909f56bfc062723c751e8b465ee728b)
Start importing Assets/Scene_assets/Speedometer.blend using Guid(c4ddc5badd9e0334cac56751a644b8e5) Importer(815301076,1909f56bfc062723c751e8b465ee728b)  -> (artifact id: 'd212083c55fd0a9fd353d18fa1d2e34c') in 0.083726 seconds 
========================================================================
Received Import Request.
  Time since last request: 0.000036 seconds.
  path: Assets/Scene_assets/Spongebob.blend
  artifactKey: Guid(78f94869b72d85b4e974cecad1d83a71) Importer(815301076,1909f56bfc062723c751e8b465ee728b)
Start importing Assets/Scene_assets/Spongebob.blend using Guid(78f94869b72d85b4e974cecad1d83a71) Importer(815301076,1909f56bfc062723c751e8b465ee728b)  -> (artifact id: 'fb6195594f54a19bb008b862cba14a1e') in 0.188173 seconds 
========================================================================
Received Import Request.
  Time since last request: 0.000043 seconds.
  path: Assets/Scene_assets/Pendulum.blend
  artifactKey: Guid(7e2aec92e8d4a65459f1ffd62c8e2d44) Importer(815301076,1909f56bfc062723c751e8b465ee728b)
Start importing Assets/Scene_assets/Pendulum.blend using Guid(7e2aec92e8d4a65459f1ffd62c8e2d44) Importer(815301076,1909f56bfc062723c751e8b465ee728b)  -> (artifact id: '32fb67a15386e04c0772a4fa0cfefaf0') in 0.112760 seconds 
========================================================================
Received Import Request.
  Time since last request: 0.000065 seconds.
  path: Assets/Scene_assets/Limo.blend
  artifactKey: Guid(fc1ef62d1cbad234181e1c5c50bcf0bf) Importer(815301076,1909f56bfc062723c751e8b465ee728b)
Start importing Assets/Scene_assets/Limo.blend using Guid(fc1ef62d1cbad234181e1c5c50bcf0bf) Importer(815301076,1909f56bfc062723c751e8b465ee728b)  -> (artifact id: '533867b0804645aef37b072d463f40a7') in 0.212084 seconds 
========================================================================
Received Import Request.
  Time since last request: 0.000055 seconds.
  path: Assets/Scene_assets/Rocket.blend
  artifactKey: Guid(3443e43bcd98dbd488e06a349bd9d102) Importer(815301076,1909f56bfc062723c751e8b465ee728b)
Start importing Assets/Scene_assets/Rocket.blend using Guid(3443e43bcd98dbd488e06a349bd9d102) Importer(815301076,1909f56bfc062723c751e8b465ee728b)  -> (artifact id: 'aeafe40b0ea3e3359043db2236a29f92') in 0.220343 seconds 
========================================================================
Received Import Request.
  Time since last request: 0.000042 seconds.
  path: Assets/Scene_assets/Groot.blend
  artifactKey: Guid(d47f75351b5ecaa4081c9358d1aa2dd7) Importer(815301076,1909f56bfc062723c751e8b465ee728b)
Start importing Assets/Scene_assets/Groot.blend using Guid(d47f75351b5ecaa4081c9358d1aa2dd7) Importer(815301076,1909f56bfc062723c751e8b465ee728b)  -> (artifact id: '793682fa290f0ffbf46ad938378ee39c') in 0.195111 seconds 
========================================================================
Received Import Request.
  Time since last request: 0.000071 seconds.
  path: Assets/Scene_assets/Box.blend
  artifactKey: Guid(6c9763aa9fddf8142a0d811491f4481b) Importer(815301076,1909f56bfc062723c751e8b465ee728b)
Start importing Assets/Scene_assets/Box.blend using Guid(6c9763aa9fddf8142a0d811491f4481b) Importer(815301076,1909f56bfc062723c751e8b465ee728b)  -> (artifact id: 'fe4ec12dda1f72cbd11144fca887a1bc') in 0.074218 seconds 
========================================================================
Received Import Request.
  Time since last request: 0.000046 seconds.
  path: Assets/Scene_assets/Binoculars.blend
  artifactKey: Guid(049a385911f5eff49aa506d2ac7d671e) Importer(815301076,1909f56bfc062723c751e8b465ee728b)
Start importing Assets/Scene_assets/Binoculars.blend using Guid(049a385911f5eff49aa506d2ac7d671e) Importer(815301076,1909f56bfc062723c751e8b465ee728b)  -> (artifact id: '83cb773811c9b4e2dfdd8337da280bc7') in 0.155930 seconds 
========================================================================
Received Import Request.
  Time since last request: 0.000046 seconds.
  path: Assets/Scene_assets/Weighing_Scale.blend
  artifactKey: Guid(2e95b164b6e312941aa006bdecd61a2a) Importer(815301076,1909f56bfc062723c751e8b465ee728b)
Start importing Assets/Scene_assets/Weighing_Scale.blend using Guid(2e95b164b6e312941aa006bdecd61a2a) Importer(815301076,1909f56bfc062723c751e8b465ee728b)  -> (artifact id: '3e6a16fb93b81c646b54475d1b904103') in 0.117951 seconds 
========================================================================
Received Import Request.
  Time since last request: 0.000047 seconds.
  path: Assets/Scene_assets/Arrow.blend
  artifactKey: Guid(cf1a81306c129e34992b94e364cf4c34) Importer(815301076,1909f56bfc062723c751e8b465ee728b)
Start importing Assets/Scene_assets/Arrow.blend using Guid(cf1a81306c129e34992b94e364cf4c34) Importer(815301076,1909f56bfc062723c751e8b465ee728b)  -> (artifact id: 'e9821afba50f883eeaabf0d3efad4f14') in 0.046233 seconds 
========================================================================
Received Import Request.
  Time since last request: 0.000063 seconds.
  path: Assets/Scene_assets/Clock.blend
  artifactKey: Guid(03636f160376b794e84638dff0f29d1e) Importer(815301076,1909f56bfc062723c751e8b465ee728b)
Start importing Assets/Scene_assets/Clock.blend using Guid(03636f160376b794e84638dff0f29d1e) Importer(815301076,1909f56bfc062723c751e8b465ee728b)  -> (artifact id: '013908002d66ec7ceb2d29d684f9a61e') in 0.193423 seconds 
========================================================================
Received Prepare
Registering precompiled user dll's ...
Registered in 0.009869 seconds.
Begin MonoManager ReloadAssembly
Symbol file LoadedFromMemory doesn't match image D:\Files\Personal Files\Documents\Personal Docs\MS\THI\Sem 2 - Assignments\AR VR\Git Final\ar-vr-thi-app\Library\PackageCache\com.unity.visualscripting@1.7.8\Editor\VisualScripting.Core\Dependencies\DotNetZip\Unity.VisualScripting.IonicZip.dll
Symbol file LoadedFromMemory doesn't match image D:\Files\Personal Files\Documents\Personal Docs\MS\THI\Sem 2 - Assignments\AR VR\Git Final\ar-vr-thi-app\Library\PackageCache\com.unity.visualscripting@1.7.8\Editor\VisualScripting.Core\Dependencies\YamlDotNet\Unity.VisualScripting.YamlDotNet.dll
Native extension for WindowsStandalone target not found
Refreshing native plugins compatible for Editor in 1.83 ms, found 15 plugins.
Preloading 0 native plugins for Editor in 0.00 ms.
Mono: successfully reloaded assembly
- Completed reload, in  1.750 seconds
Domain Reload Profiling:
	ReloadAssembly (1751ms)
		BeginReloadAssembly (308ms)
			ExecutionOrderSort (0ms)
			DisableScriptedObjects (7ms)
			BackupInstance (0ms)
			ReleaseScriptingObjects (0ms)
			CreateAndSetChildDomain (90ms)
		EndReloadAssembly (1284ms)
			LoadAssemblies (217ms)
			RebuildTransferFunctionScriptingTraits (0ms)
			SetupTypeCache (440ms)
			ReleaseScriptCaches (1ms)
			RebuildScriptCaches (52ms)
			SetupLoadedEditorAssemblies (574ms)
				LogAssemblyErrors (0ms)
				InitializePlatformSupportModulesInManaged (18ms)
				SetLoadedEditorAssemblies (1ms)
				RefreshPlugins (2ms)
				BeforeProcessingInitializeOnLoad (87ms)
				ProcessInitializeOnLoadAttributes (417ms)
				ProcessInitializeOnLoadMethodAttributes (43ms)
				AfterProcessingInitializeOnLoad (7ms)
				EditorAssembliesLoaded (0ms)
			ExecutionOrderSort2 (0ms)
			AwakeInstancesAfterBackupRestoration (9ms)
Platform modules already initialized, skipping
Refreshing native plugins compatible for Editor in 8.03 ms, found 15 plugins.
Preloading 0 native plugins for Editor in 0.00 ms.
Unloading 5358 Unused Serialized files (Serialized files now loaded: 0)
Unloading 82 unused Assets / (26.7 KB). Loaded Objects now: 5879.
Memory consumption went from 208.9 MB to 208.8 MB.
Total: 4.855600 ms (FindLiveObjects: 0.498000 ms CreateObjectMapping: 0.406400 ms MarkObjects: 3.796900 ms  DeleteObjects: 0.153200 ms)

AssetImportParameters requested are different than current active one (requested -> active):
  custom:video-decoder-ogg-theora: a1e56fd34408186e4bbccfd4996cb3dc -> 
  custom:container-muxer-webm: aa71ff27fc2769a1b78a27578f13a17b -> 
  custom:container-demuxer-webm: 4f35f7cbe854078d1ac9338744f61a02 -> 
  custom:video-encoder-webm-vp8: eb34c28f22e8b96e1ab97ce403110664 -> 
  custom:video-codec-MediaFoundation-h265: 746d11721c4dcdbdad8f713fa42b33f4 -> 
  custom:audio-encoder-webm-vorbis: bf7c407c2cedff20999df2af8eb42d56 -> 
  custom:framework-win-MediaFoundation: 216162199b28c13a410421893ffa2e32 -> 
  custom:container-demuxer-ogg: 62fdf1f143b41e24485cea50d1cbac27 -> 
  custom:video-decoder-webm-vp8: 9c59270c3fd7afecdb556c50c9e8de78 -> 
  custom:audio-decoder-ogg-vorbis: bf7c407c2cedff20999df2af8eb42d56 -> 
========================================================================
Received Import Request.
  Time since last request: 256.836424 seconds.
  path: Assets/Animations/xbot@Left Strafe Walking.fbx
  artifactKey: Guid(11f184eb7874cf041b47cc2a92b77735) Importer(815301076,1909f56bfc062723c751e8b465ee728b)
Start importing Assets/Animations/xbot@Left Strafe Walking.fbx using Guid(11f184eb7874cf041b47cc2a92b77735) Importer(815301076,1909f56bfc062723c751e8b465ee728b)  -> (artifact id: 'db3cbbe6655bd6454829830cf4782c58') in 0.068971 seconds 
========================================================================
Received Import Request.
  Time since last request: 0.000046 seconds.
  path: Assets/Animations/xbot@Right Strafe Walking.fbx
  artifactKey: Guid(08e3e801dbb097e4786ba0e6175ddca1) Importer(815301076,1909f56bfc062723c751e8b465ee728b)
Start importing Assets/Animations/xbot@Right Strafe Walking.fbx using Guid(08e3e801dbb097e4786ba0e6175ddca1) Importer(815301076,1909f56bfc062723c751e8b465ee728b)  -> (artifact id: 'efadfcfcf7397cefeaa8ddbf78a4c65f') in 0.024873 seconds 
========================================================================
Received Import Request.
  Time since last request: 0.828619 seconds.
  path: Assets/Kitchen Assets/overheadStorageElement.prefab
  artifactKey: Guid(6eeaf8fa388b6604ba3d2f32365eb6e6) Importer(815301076,1909f56bfc062723c751e8b465ee728b)
Start importing Assets/Kitchen Assets/overheadStorageElement.prefab using Guid(6eeaf8fa388b6604ba3d2f32365eb6e6) Importer(815301076,1909f56bfc062723c751e8b465ee728b)  -> (artifact id: '407322c70fc301543748401482931607') in 0.069530 seconds 
========================================================================
Received Import Request.
  Time since last request: 0.000026 seconds.
  path: Assets/Kitchen Assets/storageElement.prefab
  artifactKey: Guid(2df78cd260927084cb83f08121d49c20) Importer(815301076,1909f56bfc062723c751e8b465ee728b)
Start importing Assets/Kitchen Assets/storageElement.prefab using Guid(2df78cd260927084cb83f08121d49c20) Importer(815301076,1909f56bfc062723c751e8b465ee728b)  -> (artifact id: '67e4e896d2cc4821410d1a385e88cf1d') in 0.045385 seconds 
========================================================================
Received Import Request.
  Time since last request: 0.000050 seconds.
  path: Assets/Kitchen Assets/sideStorageElement.prefab
  artifactKey: Guid(4a110bddc86f3904a8fb9d2c3cc2b6f2) Importer(815301076,1909f56bfc062723c751e8b465ee728b)
Start importing Assets/Kitchen Assets/sideStorageElement.prefab using Guid(4a110bddc86f3904a8fb9d2c3cc2b6f2) Importer(815301076,1909f56bfc062723c751e8b465ee728b)  -> (artifact id: '229fff7498b7c241c8caeeb799fe6001') in 0.089564 seconds 
========================================================================
Received Import Request.
  Time since last request: 520.232266 seconds.
  path: Assets/Materials_V2/Boulder.mat
  artifactKey: Guid(496d12aa102eb824d9c24f3d222e73db) Importer(815301076,1909f56bfc062723c751e8b465ee728b)
Start importing Assets/Materials_V2/Boulder.mat using Guid(496d12aa102eb824d9c24f3d222e73db) Importer(815301076,1909f56bfc062723c751e8b465ee728b)  -> (artifact id: 'a49b08fc3121c0ccdef7b6eefb7f1a76') in 0.501697 seconds 
========================================================================
Received Import Request.
  Time since last request: 0.250841 seconds.
  path: Assets/Materials/Fussball.mat
  artifactKey: Guid(7a1a99bb9653d564f9595bf5c24c90f4) Importer(815301076,1909f56bfc062723c751e8b465ee728b)
Start importing Assets/Materials/Fussball.mat using Guid(7a1a99bb9653d564f9595bf5c24c90f4) Importer(815301076,1909f56bfc062723c751e8b465ee728b)  -> (artifact id: '5d636266262ec123911f581dff3c82c5') in 0.059708 seconds 
========================================================================
Received Import Request.
  Time since last request: 0.000320 seconds.
  path: Assets/Materials/Transparent.mat
  artifactKey: Guid(9f21b7a1f3241dc4a96be4d24313f7a9) Importer(815301076,1909f56bfc062723c751e8b465ee728b)
Start importing Assets/Materials/Transparent.mat using Guid(9f21b7a1f3241dc4a96be4d24313f7a9) Importer(815301076,1909f56bfc062723c751e8b465ee728b)  -> (artifact id: '4cba0006061eb1c51bc511db3fc1dc4d') in 0.038948 seconds 
========================================================================
Received Import Request.
  Time since last request: 0.000039 seconds.
  path: Assets/Materials/White.mat
  artifactKey: Guid(0a1fb65d18bcefc459008a6a809a3635) Importer(815301076,1909f56bfc062723c751e8b465ee728b)
Start importing Assets/Materials/White.mat using Guid(0a1fb65d18bcefc459008a6a809a3635) Importer(815301076,1909f56bfc062723c751e8b465ee728b)  -> (artifact id: '6df16ce3f15ecc053c5baf01657e1d3a') in 0.046699 seconds 
========================================================================
Received Import Request.
  Time since last request: 122.385657 seconds.
  path: Assets/Materials_V2/Decals/Beetroot.png
  artifactKey: Guid(d74c7fbf234cd6b4fb9ef2015a501f86) Importer(815301076,1909f56bfc062723c751e8b465ee728b)
Start importing Assets/Materials_V2/Decals/Beetroot.png using Guid(d74c7fbf234cd6b4fb9ef2015a501f86) Importer(815301076,1909f56bfc062723c751e8b465ee728b)  -> (artifact id: 'fbec11d9908d2151369b52165516da41') in 0.177919 seconds 
========================================================================
Received Import Request.
  Time since last request: 0.000036 seconds.
  path: Assets/Materials_V2/Decals/World_Map_Original-Map-1.jpg
  artifactKey: Guid(4f26b08c2974ef343acf1276afff3495) Importer(815301076,1909f56bfc062723c751e8b465ee728b)
Start importing Assets/Materials_V2/Decals/World_Map_Original-Map-1.jpg using Guid(4f26b08c2974ef343acf1276afff3495) Importer(815301076,1909f56bfc062723c751e8b465ee728b)  -> (artifact id: 'a1cdaf2abb352bfa341415f78d2aac0c') in 0.031754 seconds 
========================================================================
Received Import Request.
  Time since last request: 0.000153 seconds.
  path: Assets/Materials_V2/Decals/Speedometer.jpg
  artifactKey: Guid(35507eed4422db249896e4569062270d) Importer(815301076,1909f56bfc062723c751e8b465ee728b)
Start importing Assets/Materials_V2/Decals/Speedometer.jpg using Guid(35507eed4422db249896e4569062270d) Importer(815301076,1909f56bfc062723c751e8b465ee728b)  -> (artifact id: '5f5aaf2a3768f21f39da73c493f70fac') in 0.047111 seconds 
========================================================================
Received Import Request.
  Time since last request: 0.000030 seconds.
  path: Assets/Materials_V2/Decals/Boulder_img.jpg
  artifactKey: Guid(cff2a146e3d93134bace499773b9c62a) Importer(815301076,1909f56bfc062723c751e8b465ee728b)
Start importing Assets/Materials_V2/Decals/Boulder_img.jpg using Guid(cff2a146e3d93134bace499773b9c62a) Importer(815301076,1909f56bfc062723c751e8b465ee728b)  -> (artifact id: 'a706cdf26fcea337a1a4ab8d1d062f23') in 0.034181 seconds 
========================================================================
Received Import Request.
  Time since last request: 0.000081 seconds.
  path: Assets/Materials_V2/Decals
  artifactKey: Guid(ad34925ab4e82b9429cfc8af304bd47c) Importer(815301076,1909f56bfc062723c751e8b465ee728b)
Start importing Assets/Materials_V2/Decals using Guid(ad34925ab4e82b9429cfc8af304bd47c) Importer(815301076,1909f56bfc062723c751e8b465ee728b)  -> (artifact id: 'd523474729e3ad08cdb2b32065488cdf') in 0.009265 seconds 
========================================================================
Received Import Request.
  Time since last request: 0.000114 seconds.
  path: Assets/Materials_V2/Decals/marble_01_diff_2k.jpg
  artifactKey: Guid(51939b6e947738241821bc6ef1c6c743) Importer(815301076,1909f56bfc062723c751e8b465ee728b)
Start importing Assets/Materials_V2/Decals/marble_01_diff_2k.jpg using Guid(51939b6e947738241821bc6ef1c6c743) Importer(815301076,1909f56bfc062723c751e8b465ee728b)  -> (artifact id: 'f387f3928e33b91d1f0295ebb98fe72d') in 0.030209 seconds 
========================================================================
Received Import Request.
  Time since last request: 0.000058 seconds.
  path: Assets/Materials_V2/Decals/wood-texture-11131518.jpg
  artifactKey: Guid(d8d1f201cbbd6dc4690021231b6e936e) Importer(815301076,1909f56bfc062723c751e8b465ee728b)
Start importing Assets/Materials_V2/Decals/wood-texture-11131518.jpg using Guid(d8d1f201cbbd6dc4690021231b6e936e) Importer(815301076,1909f56bfc062723c751e8b465ee728b)  -> (artifact id: '262a15dcb962a8da1dc6eee790fbb0a7') in 0.034555 seconds 
========================================================================
Received Import Request.
  Time since last request: 0.000052 seconds.
  path: Assets/Materials_V2/Decals/Screenshot 2022-11-26 233514.png
  artifactKey: Guid(fc0dbadd5b38c07438ca7d9821b19d1c) Importer(815301076,1909f56bfc062723c751e8b465ee728b)
Start importing Assets/Materials_V2/Decals/Screenshot 2022-11-26 233514.png using Guid(fc0dbadd5b38c07438ca7d9821b19d1c) Importer(815301076,1909f56bfc062723c751e8b465ee728b)  -> (artifact id: 'e3e30f90c2fed5e97b8bc94f037cc745') in 0.046426 seconds 
========================================================================
Received Import Request.
  Time since last request: 0.000086 seconds.
  path: Assets/Materials_V2/Decals/Screenshot 2022-11-26 232817.png
  artifactKey: Guid(0261fb24f8bed7b408dafc2a6b372737) Importer(815301076,1909f56bfc062723c751e8b465ee728b)
Start importing Assets/Materials_V2/Decals/Screenshot 2022-11-26 232817.png using Guid(0261fb24f8bed7b408dafc2a6b372737) Importer(815301076,1909f56bfc062723c751e8b465ee728b)  -> (artifact id: 'b5ff7b7e6e987234b491639152874513') in 0.052675 seconds 
========================================================================
Received Import Request.
  Time since last request: 3.865270 seconds.
  path: Assets/Materials_V2/Room/bark_brown_02_diff_2k.jpg
  artifactKey: Guid(a2c6d438272291e4eb6ed0cbed4c025c) Importer(815301076,1909f56bfc062723c751e8b465ee728b)
Start importing Assets/Materials_V2/Room/bark_brown_02_diff_2k.jpg using Guid(a2c6d438272291e4eb6ed0cbed4c025c) Importer(815301076,1909f56bfc062723c751e8b465ee728b)  -> (artifact id: 'eb517cfa58ac6c6d2af4325bb6a410a4') in 0.053593 seconds 
========================================================================
Received Import Request.
  Time since last request: 0.000027 seconds.
  path: Assets/Materials_V2/Room/wood_cabinet_worn_long_diff_2k.jpg
  artifactKey: Guid(7f3066eb897367f4b84b8a4620ec2b26) Importer(815301076,1909f56bfc062723c751e8b465ee728b)
Start importing Assets/Materials_V2/Room/wood_cabinet_worn_long_diff_2k.jpg using Guid(7f3066eb897367f4b84b8a4620ec2b26) Importer(815301076,1909f56bfc062723c751e8b465ee728b)  -> (artifact id: 'a6e2eefc410fb9ded607ad9e1f12e90d') in 0.029784 seconds 
========================================================================
Received Import Request.
  Time since last request: 0.000031 seconds.
  path: Assets/Materials_V2/Room/laminate_floor_diff_2k.jpg
  artifactKey: Guid(fa7408b9826dd0e46a1bb699f2418282) Importer(815301076,1909f56bfc062723c751e8b465ee728b)
Start importing Assets/Materials_V2/Room/laminate_floor_diff_2k.jpg using Guid(fa7408b9826dd0e46a1bb699f2418282) Importer(815301076,1909f56bfc062723c751e8b465ee728b)  -> (artifact id: '4ae640c0222bdd495f689133e65652ac') in 0.038405 seconds 
========================================================================
Received Import Request.
  Time since last request: 0.000039 seconds.
  path: Assets/Materials_V2/Room/Screenshot 2022-11-29 112508.png
  artifactKey: Guid(cdfb8fe7e9f9c5b4db3d412a586f61db) Importer(815301076,1909f56bfc062723c751e8b465ee728b)
Start importing Assets/Materials_V2/Room/Screenshot 2022-11-29 112508.png using Guid(cdfb8fe7e9f9c5b4db3d412a586f61db) Importer(815301076,1909f56bfc062723c751e8b465ee728b)  -> (artifact id: '13b5c2b40f4a8d116a2271d029e35358') in 0.045451 seconds 
========================================================================
Received Import Request.
  Time since last request: 0.000030 seconds.
  path: Assets/Materials_V2/Room/brick_wall_001_diffuse_2k.jpg
  artifactKey: Guid(ae1cc8f565a5e9f46a84a34617296fa7) Importer(815301076,1909f56bfc062723c751e8b465ee728b)
Start importing Assets/Materials_V2/Room/brick_wall_001_diffuse_2k.jpg using Guid(ae1cc8f565a5e9f46a84a34617296fa7) Importer(815301076,1909f56bfc062723c751e8b465ee728b)  -> (artifact id: 'cad0f15e3c8e145f9f91a277bddabed0') in 0.035904 seconds 
========================================================================
Received Import Request.
  Time since last request: 0.000074 seconds.
  path: Assets/Materials_V2/Room/sandstone_brick_wall_01_diff_2k.jpg
  artifactKey: Guid(83669f5da19022e458c9f91d4d3e201f) Importer(815301076,1909f56bfc062723c751e8b465ee728b)
Start importing Assets/Materials_V2/Room/sandstone_brick_wall_01_diff_2k.jpg using Guid(83669f5da19022e458c9f91d4d3e201f) Importer(815301076,1909f56bfc062723c751e8b465ee728b)  -> (artifact id: '63fca24746ac37fb536e1c4b9e5fecbd') in 0.033487 seconds 
========================================================================
Received Import Request.
  Time since last request: 0.000036 seconds.
  path: Assets/Materials_V2/Room/Screenshot 2022-11-29 111847.png
  artifactKey: Guid(c74bb5394c4252e4e8616ee71bb6ceb5) Importer(815301076,1909f56bfc062723c751e8b465ee728b)
Start importing Assets/Materials_V2/Room/Screenshot 2022-11-29 111847.png using Guid(c74bb5394c4252e4e8616ee71bb6ceb5) Importer(815301076,1909f56bfc062723c751e8b465ee728b)  -> (artifact id: 'e6d100601d96d767aaca0380de2e16f3') in 0.028022 seconds 
========================================================================
Received Import Request.
  Time since last request: 0.000037 seconds.
  path: Assets/Materials_V2/Room/Screenshot 2022-11-29 111731.png
  artifactKey: Guid(5c6c749049eeaa544a1bcac3a45fcd90) Importer(815301076,1909f56bfc062723c751e8b465ee728b)
Start importing Assets/Materials_V2/Room/Screenshot 2022-11-29 111731.png using Guid(5c6c749049eeaa544a1bcac3a45fcd90) Importer(815301076,1909f56bfc062723c751e8b465ee728b)  -> (artifact id: '6588e45a44d561a453edf885d43ab8f3') in 0.031857 seconds 
========================================================================
Received Import Request.
  Time since last request: 0.000058 seconds.
  path: Assets/Materials_V2/Room/brick_wall_001_displacement_2k.png
  artifactKey: Guid(f7c8ab78a328bb449afbb1fa5843b1cd) Importer(815301076,1909f56bfc062723c751e8b465ee728b)
Start importing Assets/Materials_V2/Room/brick_wall_001_displacement_2k.png using Guid(f7c8ab78a328bb449afbb1fa5843b1cd) Importer(815301076,1909f56bfc062723c751e8b465ee728b)  -> (artifact id: 'faa408ee2da84bdbbe578958043323e5') in 0.076328 seconds 
========================================================================
Received Import Request.
  Time since last request: 3.638818 seconds.
  path: Assets/Materials_V2/Room/Materials/bark_brown_02_diff_2k.mat
  artifactKey: Guid(b63a507f2b5611543b7fa04de863297a) Importer(815301076,1909f56bfc062723c751e8b465ee728b)
Start importing Assets/Materials_V2/Room/Materials/bark_brown_02_diff_2k.mat using Guid(b63a507f2b5611543b7fa04de863297a) Importer(815301076,1909f56bfc062723c751e8b465ee728b)  -> (artifact id: 'dcb0d527cccd0bf68cca435c545ff2c4') in 0.032002 seconds 
========================================================================
Received Import Request.
  Time since last request: 0.000023 seconds.
  path: Assets/Materials_V2/Room/Materials/sandstone_brick_wall_01_diff_2k.mat
  artifactKey: Guid(69ab966b5e65ad0448d431cdc803b3e5) Importer(815301076,1909f56bfc062723c751e8b465ee728b)
Start importing Assets/Materials_V2/Room/Materials/sandstone_brick_wall_01_diff_2k.mat using Guid(69ab966b5e65ad0448d431cdc803b3e5) Importer(815301076,1909f56bfc062723c751e8b465ee728b)  -> (artifact id: '54db778047a3d4182d5e8a87fc27d88f') in 0.043137 seconds 
========================================================================
Received Import Request.
  Time since last request: 0.000033 seconds.
  path: Assets/Materials_V2/Room/Materials/Screenshot 2022-11-29 111847.mat
  artifactKey: Guid(2093ce9c79170b94088ab0851fa1ae81) Importer(815301076,1909f56bfc062723c751e8b465ee728b)
Start importing Assets/Materials_V2/Room/Materials/Screenshot 2022-11-29 111847.mat using Guid(2093ce9c79170b94088ab0851fa1ae81) Importer(815301076,1909f56bfc062723c751e8b465ee728b)  -> (artifact id: 'fff8c29b61af9ed5d6dd3e28960d192a') in 0.057740 seconds 
========================================================================
Received Import Request.
  Time since last request: 0.000033 seconds.
  path: Assets/Materials_V2/Room/Materials/wood_cabinet_worn_long_diff_2k.mat
  artifactKey: Guid(fcf5c7c175d6bda4791a274ca96ce62b) Importer(815301076,1909f56bfc062723c751e8b465ee728b)
Start importing Assets/Materials_V2/Room/Materials/wood_cabinet_worn_long_diff_2k.mat using Guid(fcf5c7c175d6bda4791a274ca96ce62b) Importer(815301076,1909f56bfc062723c751e8b465ee728b)  -> (artifact id: 'edd9966a0cf77be8b865a359889c78fe') in 0.032293 seconds 
========================================================================
Received Import Request.
  Time since last request: 0.000051 seconds.
  path: Assets/Materials_V2/Room/Materials/floor_tiles_06_diff_2k.mat
  artifactKey: Guid(f1f4f56020938d94392af0bed57be27a) Importer(815301076,1909f56bfc062723c751e8b465ee728b)
Start importing Assets/Materials_V2/Room/Materials/floor_tiles_06_diff_2k.mat using Guid(f1f4f56020938d94392af0bed57be27a) Importer(815301076,1909f56bfc062723c751e8b465ee728b)  -> (artifact id: '9628174dada72973ab27ef4a1cbb7a02') in 0.054788 seconds 
========================================================================
Received Import Request.
  Time since last request: 0.000048 seconds.
  path: Assets/Materials_V2/Room/Materials/Screenshot 2022-11-29 112508.mat
  artifactKey: Guid(4712b95a234122a49bd758467c39d84f) Importer(815301076,1909f56bfc062723c751e8b465ee728b)
Start importing Assets/Materials_V2/Room/Materials/Screenshot 2022-11-29 112508.mat using Guid(4712b95a234122a49bd758467c39d84f) Importer(815301076,1909f56bfc062723c751e8b465ee728b)  -> (artifact id: '0ef631af2eb9badd844f9e2199cf5053') in 0.026792 seconds 
========================================================================
Received Import Request.
  Time since last request: 0.000058 seconds.
  path: Assets/Materials_V2/Room/Materials/synthetic_wood_diff_2k 1.mat
  artifactKey: Guid(9fddec56eace8064aae253b0b5cef2de) Importer(815301076,1909f56bfc062723c751e8b465ee728b)
Start importing Assets/Materials_V2/Room/Materials/synthetic_wood_diff_2k 1.mat using Guid(9fddec56eace8064aae253b0b5cef2de) Importer(815301076,1909f56bfc062723c751e8b465ee728b)  -> (artifact id: '59ee0618e5bc38b26f8e5c47c5a9ed69') in 0.049659 seconds 
========================================================================
Received Import Request.
  Time since last request: 0.000076 seconds.
  path: Assets/Materials_V2/Room/Materials/brick_wall_001_displacement_2k.mat
  artifactKey: Guid(4824549118016f548af1df91aa7cf7b8) Importer(815301076,1909f56bfc062723c751e8b465ee728b)
Start importing Assets/Materials_V2/Room/Materials/brick_wall_001_displacement_2k.mat using Guid(4824549118016f548af1df91aa7cf7b8) Importer(815301076,1909f56bfc062723c751e8b465ee728b)  -> (artifact id: '8eeb2a4aff229c7ccfe521af2d759430') in 0.048656 seconds 
========================================================================
Received Prepare
Registering precompiled user dll's ...
Registered in 0.009849 seconds.
Begin MonoManager ReloadAssembly
Symbol file LoadedFromMemory doesn't match image D:\Files\Personal Files\Documents\Personal Docs\MS\THI\Sem 2 - Assignments\AR VR\Git Final\ar-vr-thi-app\Library\PackageCache\com.unity.visualscripting@1.7.8\Editor\VisualScripting.Core\Dependencies\DotNetZip\Unity.VisualScripting.IonicZip.dll
Symbol file LoadedFromMemory doesn't match image D:\Files\Personal Files\Documents\Personal Docs\MS\THI\Sem 2 - Assignments\AR VR\Git Final\ar-vr-thi-app\Library\PackageCache\com.unity.visualscripting@1.7.8\Editor\VisualScripting.Core\Dependencies\YamlDotNet\Unity.VisualScripting.YamlDotNet.dll
Native extension for WindowsStandalone target not found
Refreshing native plugins compatible for Editor in 8.32 ms, found 15 plugins.
Preloading 0 native plugins for Editor in 0.00 ms.
Mono: successfully reloaded assembly
- Completed reload, in  6.448 seconds
Domain Reload Profiling:
	ReloadAssembly (6460ms)
		BeginReloadAssembly (1700ms)
			ExecutionOrderSort (1ms)
			DisableScriptedObjects (128ms)
			BackupInstance (0ms)
			ReleaseScriptingObjects (1ms)
			CreateAndSetChildDomain (935ms)
		EndReloadAssembly (4624ms)
			LoadAssemblies (197ms)
			RebuildTransferFunctionScriptingTraits (0ms)
			SetupTypeCache (2429ms)
			ReleaseScriptCaches (10ms)
			RebuildScriptCaches (126ms)
			SetupLoadedEditorAssemblies (1725ms)
				LogAssemblyErrors (0ms)
				InitializePlatformSupportModulesInManaged (38ms)
				SetLoadedEditorAssemblies (3ms)
				RefreshPlugins (8ms)
				BeforeProcessingInitializeOnLoad (176ms)
				ProcessInitializeOnLoadAttributes (1373ms)
				ProcessInitializeOnLoadMethodAttributes (114ms)
				AfterProcessingInitializeOnLoad (11ms)
				EditorAssembliesLoaded (1ms)
			ExecutionOrderSort2 (0ms)
			AwakeInstancesAfterBackupRestoration (14ms)
Platform modules already initialized, skipping
Refreshing native plugins compatible for Editor in 33.17 ms, found 15 plugins.
Preloading 0 native plugins for Editor in 0.00 ms.
Unloading 5358 Unused Serialized files (Serialized files now loaded: 0)
Unloading 82 unused Assets / (26.9 KB). Loaded Objects now: 5890.
Memory consumption went from 209.2 MB to 209.2 MB.
Total: 15.997300 ms (FindLiveObjects: 1.706600 ms CreateObjectMapping: 2.163500 ms MarkObjects: 11.049300 ms  DeleteObjects: 1.071200 ms)

AssetImportParameters requested are different than current active one (requested -> active):
  custom:video-decoder-ogg-theora: a1e56fd34408186e4bbccfd4996cb3dc -> 
  custom:container-muxer-webm: aa71ff27fc2769a1b78a27578f13a17b -> 
  custom:container-demuxer-webm: 4f35f7cbe854078d1ac9338744f61a02 -> 
  custom:video-encoder-webm-vp8: eb34c28f22e8b96e1ab97ce403110664 -> 
  custom:video-codec-MediaFoundation-h265: 746d11721c4dcdbdad8f713fa42b33f4 -> 
  custom:audio-encoder-webm-vorbis: bf7c407c2cedff20999df2af8eb42d56 -> 
  custom:framework-win-MediaFoundation: 216162199b28c13a410421893ffa2e32 -> 
  custom:container-demuxer-ogg: 62fdf1f143b41e24485cea50d1cbac27 -> 
  custom:video-decoder-webm-vp8: 9c59270c3fd7afecdb556c50c9e8de78 -> 
  custom:audio-decoder-ogg-vorbis: bf7c407c2cedff20999df2af8eb42d56 -> 
========================================================================
Received Prepare
Registering precompiled user dll's ...
Registered in 0.009376 seconds.
Begin MonoManager ReloadAssembly
Symbol file LoadedFromMemory doesn't match image D:\Files\Personal Files\Documents\Personal Docs\MS\THI\Sem 2 - Assignments\AR VR\Git Final\ar-vr-thi-app\Library\PackageCache\com.unity.visualscripting@1.7.8\Editor\VisualScripting.Core\Dependencies\DotNetZip\Unity.VisualScripting.IonicZip.dll
Symbol file LoadedFromMemory doesn't match image D:\Files\Personal Files\Documents\Personal Docs\MS\THI\Sem 2 - Assignments\AR VR\Git Final\ar-vr-thi-app\Library\PackageCache\com.unity.visualscripting@1.7.8\Editor\VisualScripting.Core\Dependencies\YamlDotNet\Unity.VisualScripting.YamlDotNet.dll
Native extension for WindowsStandalone target not found
Refreshing native plugins compatible for Editor in 1.58 ms, found 15 plugins.
Preloading 0 native plugins for Editor in 0.00 ms.
Mono: successfully reloaded assembly
- Completed reload, in  2.116 seconds
Domain Reload Profiling:
	ReloadAssembly (2117ms)
		BeginReloadAssembly (182ms)
			ExecutionOrderSort (0ms)
			DisableScriptedObjects (9ms)
			BackupInstance (0ms)
			ReleaseScriptingObjects (0ms)
			CreateAndSetChildDomain (49ms)
		EndReloadAssembly (1777ms)
			LoadAssemblies (124ms)
			RebuildTransferFunctionScriptingTraits (0ms)
			SetupTypeCache (494ms)
			ReleaseScriptCaches (2ms)
			RebuildScriptCaches (56ms)
			SetupLoadedEditorAssemblies (984ms)
				LogAssemblyErrors (0ms)
				InitializePlatformSupportModulesInManaged (15ms)
				SetLoadedEditorAssemblies (1ms)
				RefreshPlugins (2ms)
				BeforeProcessingInitializeOnLoad (110ms)
				ProcessInitializeOnLoadAttributes (802ms)
				ProcessInitializeOnLoadMethodAttributes (48ms)
				AfterProcessingInitializeOnLoad (8ms)
				EditorAssembliesLoaded (0ms)
			ExecutionOrderSort2 (0ms)
			AwakeInstancesAfterBackupRestoration (9ms)
Platform modules already initialized, skipping
Refreshing native plugins compatible for Editor in 54.81 ms, found 15 plugins.
Preloading 0 native plugins for Editor in 0.00 ms.
Unloading 5358 Unused Serialized files (Serialized files now loaded: 0)
Unloading 81 unused Assets / (26.8 KB). Loaded Objects now: 5896.
Memory consumption went from 209.2 MB to 209.2 MB.
Total: 10.009100 ms (FindLiveObjects: 0.731200 ms CreateObjectMapping: 0.671700 ms MarkObjects: 8.516300 ms  DeleteObjects: 0.083500 ms)

AssetImportParameters requested are different than current active one (requested -> active):
  custom:video-decoder-ogg-theora: a1e56fd34408186e4bbccfd4996cb3dc -> 
  custom:container-muxer-webm: aa71ff27fc2769a1b78a27578f13a17b -> 
  custom:container-demuxer-webm: 4f35f7cbe854078d1ac9338744f61a02 -> 
  custom:video-encoder-webm-vp8: eb34c28f22e8b96e1ab97ce403110664 -> 
  custom:video-codec-MediaFoundation-h265: 746d11721c4dcdbdad8f713fa42b33f4 -> 
  custom:audio-encoder-webm-vorbis: bf7c407c2cedff20999df2af8eb42d56 -> 
  custom:framework-win-MediaFoundation: 216162199b28c13a410421893ffa2e32 -> 
  custom:container-demuxer-ogg: 62fdf1f143b41e24485cea50d1cbac27 -> 
  custom:video-decoder-webm-vp8: 9c59270c3fd7afecdb556c50c9e8de78 -> 
  custom:audio-decoder-ogg-vorbis: bf7c407c2cedff20999df2af8eb42d56 -> 
========================================================================
Received Prepare
Registering precompiled user dll's ...
Registered in 0.008808 seconds.
Begin MonoManager ReloadAssembly
Symbol file LoadedFromMemory doesn't match image D:\Files\Personal Files\Documents\Personal Docs\MS\THI\Sem 2 - Assignments\AR VR\Git Final\ar-vr-thi-app\Library\PackageCache\com.unity.visualscripting@1.7.8\Editor\VisualScripting.Core\Dependencies\DotNetZip\Unity.VisualScripting.IonicZip.dll
Symbol file LoadedFromMemory doesn't match image D:\Files\Personal Files\Documents\Personal Docs\MS\THI\Sem 2 - Assignments\AR VR\Git Final\ar-vr-thi-app\Library\PackageCache\com.unity.visualscripting@1.7.8\Editor\VisualScripting.Core\Dependencies\YamlDotNet\Unity.VisualScripting.YamlDotNet.dll
Native extension for WindowsStandalone target not found
Refreshing native plugins compatible for Editor in 1.36 ms, found 15 plugins.
Preloading 0 native plugins for Editor in 0.00 ms.
Mono: successfully reloaded assembly
- Completed reload, in  1.769 seconds
Domain Reload Profiling:
	ReloadAssembly (1770ms)
		BeginReloadAssembly (174ms)
			ExecutionOrderSort (0ms)
			DisableScriptedObjects (5ms)
			BackupInstance (0ms)
			ReleaseScriptingObjects (0ms)
			CreateAndSetChildDomain (58ms)
		EndReloadAssembly (1458ms)
			LoadAssemblies (98ms)
			RebuildTransferFunctionScriptingTraits (0ms)
			SetupTypeCache (416ms)
			ReleaseScriptCaches (1ms)
			RebuildScriptCaches (51ms)
			SetupLoadedEditorAssemblies (836ms)
				LogAssemblyErrors (0ms)
				InitializePlatformSupportModulesInManaged (13ms)
				SetLoadedEditorAssemblies (1ms)
				RefreshPlugins (1ms)
				BeforeProcessingInitializeOnLoad (106ms)
				ProcessInitializeOnLoadAttributes (625ms)
				ProcessInitializeOnLoadMethodAttributes (77ms)
				AfterProcessingInitializeOnLoad (12ms)
				EditorAssembliesLoaded (1ms)
			ExecutionOrderSort2 (0ms)
			AwakeInstancesAfterBackupRestoration (8ms)
Platform modules already initialized, skipping
Refreshing native plugins compatible for Editor in 33.05 ms, found 15 plugins.
Preloading 0 native plugins for Editor in 0.00 ms.
Unloading 5358 Unused Serialized files (Serialized files now loaded: 0)
Unloading 81 unused Assets / (26.8 KB). Loaded Objects now: 5902.
Memory consumption went from 209.2 MB to 209.2 MB.
Total: 16.309800 ms (FindLiveObjects: 1.010800 ms CreateObjectMapping: 1.767600 ms MarkObjects: 13.403200 ms  DeleteObjects: 0.126300 ms)

AssetImportParameters requested are different than current active one (requested -> active):
  custom:video-decoder-ogg-theora: a1e56fd34408186e4bbccfd4996cb3dc -> 
  custom:container-muxer-webm: aa71ff27fc2769a1b78a27578f13a17b -> 
  custom:container-demuxer-webm: 4f35f7cbe854078d1ac9338744f61a02 -> 
  custom:video-encoder-webm-vp8: eb34c28f22e8b96e1ab97ce403110664 -> 
  custom:video-codec-MediaFoundation-h265: 746d11721c4dcdbdad8f713fa42b33f4 -> 
  custom:audio-encoder-webm-vorbis: bf7c407c2cedff20999df2af8eb42d56 -> 
  custom:framework-win-MediaFoundation: 216162199b28c13a410421893ffa2e32 -> 
  custom:container-demuxer-ogg: 62fdf1f143b41e24485cea50d1cbac27 -> 
  custom:video-decoder-webm-vp8: 9c59270c3fd7afecdb556c50c9e8de78 -> 
  custom:audio-decoder-ogg-vorbis: bf7c407c2cedff20999df2af8eb42d56 -> 
