Using pre-set license
Built from '2021.3/staging' branch; Version is '2021.3.9f1 (ad3870b89536) revision 11352176'; Using compiler version '192829333'; Build Type 'Release'
OS: 'Windows 11  (10.0.22000) 64bit CoreSingleLanguage' Language: 'en' Physical Memory: 7976 MB
BatchMode: 1, IsHumanControllingUs: 0, StartBugReporterOnCrash: 0, Is64bit: 1, IsPro: 1

COMMAND LINE ARGUMENTS:
C:\Program Files\Unity\Hub\Editor\2021.3.9f1\Editor\Unity.exe
-adb2
-batchMode
-noUpm
-name
AssetImportWorker2
-projectPath
D:/Files/Personal Files/Documents/Personal Docs/MS/THI/Sem 2 - Assignments/AR VR/Git Final/ar-vr-thi-app
-logFile
Logs/AssetImportWorker2.log
-srvPort
57053
Successfully changed project path to: D:/Files/Personal Files/Documents/Personal Docs/MS/THI/Sem 2 - Assignments/AR VR/Git Final/ar-vr-thi-app
D:/Files/Personal Files/Documents/Personal Docs/MS/THI/Sem 2 - Assignments/AR VR/Git Final/ar-vr-thi-app
[UnityMemory] Configuration Parameters - Can be set up in boot.config
    "memorysetup-bucket-allocator-granularity=16"
    "memorysetup-bucket-allocator-bucket-count=8"
    "memorysetup-bucket-allocator-block-size=33554432"
    "memorysetup-bucket-allocator-block-count=8"
    "memorysetup-main-allocator-block-size=16777216"
    "memorysetup-thread-allocator-block-size=16777216"
    "memorysetup-gfx-main-allocator-block-size=16777216"
    "memorysetup-gfx-thread-allocator-block-size=16777216"
    "memorysetup-cache-allocator-block-size=4194304"
    "memorysetup-typetree-allocator-block-size=2097152"
    "memorysetup-profiler-bucket-allocator-granularity=16"
    "memorysetup-profiler-bucket-allocator-bucket-count=8"
    "memorysetup-profiler-bucket-allocator-block-size=33554432"
    "memorysetup-profiler-bucket-allocator-block-count=8"
    "memorysetup-profiler-allocator-block-size=16777216"
    "memorysetup-profiler-editor-allocator-block-size=1048576"
    "memorysetup-temp-allocator-size-main=16777216"
    "memorysetup-job-temp-allocator-block-size=2097152"
    "memorysetup-job-temp-allocator-block-size-background=1048576"
    "memorysetup-job-temp-allocator-reduction-small-platforms=262144"
    "memorysetup-temp-allocator-size-background-worker=32768"
    "memorysetup-temp-allocator-size-job-worker=262144"
    "memorysetup-temp-allocator-size-preload-manager=33554432"
    "memorysetup-temp-allocator-size-nav-mesh-worker=65536"
    "memorysetup-temp-allocator-size-audio-worker=65536"
    "memorysetup-temp-allocator-size-cloud-worker=32768"
    "memorysetup-temp-allocator-size-gi-baking-worker=262144"
    "memorysetup-temp-allocator-size-gfx=262144"
Refreshing native plugins compatible for Editor in 209.35 ms, found 15 plugins.
Preloading 0 native plugins for Editor in 0.00 ms.
Initialize engine version: 2021.3.9f1 (ad3870b89536)
[Subsystems] Discovering subsystems at path C:/Program Files/Unity/Hub/Editor/2021.3.9f1/Editor/Data/Resources/UnitySubsystems
[Subsystems] Discovering subsystems at path D:/Files/Personal Files/Documents/Personal Docs/MS/THI/Sem 2 - Assignments/AR VR/Git Final/ar-vr-thi-app/Assets
GfxDevice: creating device client; threaded=0; jobified=0
Direct3D:
    Version:  Direct3D 11.0 [level 11.1]
    Renderer: Intel(R) UHD Graphics (ID=0x9b41)
    Vendor:   Intel
    VRAM:     3988 MB
    Driver:   27.20.100.9664
Initialize mono
Mono path[0] = 'C:/Program Files/Unity/Hub/Editor/2021.3.9f1/Editor/Data/Managed'
Mono path[1] = 'C:/Program Files/Unity/Hub/Editor/2021.3.9f1/Editor/Data/MonoBleedingEdge/lib/mono/unityjit-win32'
Mono config path = 'C:/Program Files/Unity/Hub/Editor/2021.3.9f1/Editor/Data/MonoBleedingEdge/etc'
Using monoOptions --debugger-agent=transport=dt_socket,embedding=1,server=y,suspend=n,address=127.0.0.1:56344
Begin MonoManager ReloadAssembly
Registering precompiled unity dll's ...
Register platform support module: C:/Program Files/Unity/Hub/Editor/2021.3.9f1/Editor/Data/PlaybackEngines/WindowsStandaloneSupport/UnityEditor.WindowsStandalone.Extensions.dll
Registered in 0.010285 seconds.
Native extension for WindowsStandalone target not found
Refreshing native plugins compatible for Editor in 179.29 ms, found 15 plugins.
Preloading 0 native plugins for Editor in 0.00 ms.
Mono: successfully reloaded assembly
- Completed reload, in  1.151 seconds
Domain Reload Profiling:
	ReloadAssembly (1152ms)
		BeginReloadAssembly (126ms)
			ExecutionOrderSort (0ms)
			DisableScriptedObjects (0ms)
			BackupInstance (0ms)
			ReleaseScriptingObjects (0ms)
			CreateAndSetChildDomain (1ms)
		EndReloadAssembly (833ms)
			LoadAssemblies (123ms)
			RebuildTransferFunctionScriptingTraits (0ms)
			SetupTypeCache (177ms)
			ReleaseScriptCaches (0ms)
			RebuildScriptCaches (47ms)
			SetupLoadedEditorAssemblies (523ms)
				LogAssemblyErrors (0ms)
				InitializePlatformSupportModulesInManaged (12ms)
				SetLoadedEditorAssemblies (0ms)
				RefreshPlugins (179ms)
				BeforeProcessingInitializeOnLoad (3ms)
				ProcessInitializeOnLoadAttributes (248ms)
				ProcessInitializeOnLoadMethodAttributes (80ms)
				AfterProcessingInitializeOnLoad (0ms)
				EditorAssembliesLoaded (0ms)
			ExecutionOrderSort2 (0ms)
			AwakeInstancesAfterBackupRestoration (0ms)
Platform modules already initialized, skipping
Registering precompiled user dll's ...
Registered in 0.013214 seconds.
Begin MonoManager ReloadAssembly
Symbol file LoadedFromMemory doesn't match image D:\Files\Personal Files\Documents\Personal Docs\MS\THI\Sem 2 - Assignments\AR VR\Git Final\ar-vr-thi-app\Library\PackageCache\com.unity.visualscripting@1.7.8\Editor\VisualScripting.Core\Dependencies\DotNetZip\Unity.VisualScripting.IonicZip.dll
Symbol file LoadedFromMemory doesn't match image D:\Files\Personal Files\Documents\Personal Docs\MS\THI\Sem 2 - Assignments\AR VR\Git Final\ar-vr-thi-app\Library\PackageCache\com.unity.visualscripting@1.7.8\Editor\VisualScripting.Core\Dependencies\YamlDotNet\Unity.VisualScripting.YamlDotNet.dll
Native extension for WindowsStandalone target not found
Refreshing native plugins compatible for Editor in 425.40 ms, found 15 plugins.
Preloading 0 native plugins for Editor in 0.00 ms.
Package Manager log level set to [2]
Mono: successfully reloaded assembly
- Completed reload, in  2.982 seconds
Domain Reload Profiling:
	ReloadAssembly (2983ms)
		BeginReloadAssembly (176ms)
			ExecutionOrderSort (0ms)
			DisableScriptedObjects (12ms)
			BackupInstance (0ms)
			ReleaseScriptingObjects (0ms)
			CreateAndSetChildDomain (30ms)
		EndReloadAssembly (2617ms)
			LoadAssemblies (138ms)
			RebuildTransferFunctionScriptingTraits (0ms)
			SetupTypeCache (553ms)
			ReleaseScriptCaches (1ms)
			RebuildScriptCaches (143ms)
			SetupLoadedEditorAssemblies (1702ms)
				LogAssemblyErrors (0ms)
				InitializePlatformSupportModulesInManaged (10ms)
				SetLoadedEditorAssemblies (0ms)
				RefreshPlugins (426ms)
				BeforeProcessingInitializeOnLoad (366ms)
				ProcessInitializeOnLoadAttributes (832ms)
				ProcessInitializeOnLoadMethodAttributes (57ms)
				AfterProcessingInitializeOnLoad (10ms)
				EditorAssembliesLoaded (0ms)
			ExecutionOrderSort2 (0ms)
			AwakeInstancesAfterBackupRestoration (8ms)
Platform modules already initialized, skipping
========================================================================
Worker process is ready to serve import requests
Launched and connected shader compiler UnityShaderCompiler.exe after 0.10 seconds
Refreshing native plugins compatible for Editor in 1.88 ms, found 15 plugins.
Preloading 0 native plugins for Editor in 0.00 ms.
Unloading 5421 Unused Serialized files (Serialized files now loaded: 0)
Unloading 92 unused Assets / (58.6 KB). Loaded Objects now: 5830.
Memory consumption went from 208.2 MB to 208.1 MB.
Total: 7.651900 ms (FindLiveObjects: 0.733200 ms CreateObjectMapping: 0.816800 ms MarkObjects: 5.910900 ms  DeleteObjects: 0.189600 ms)

AssetImportParameters requested are different than current active one (requested -> active):
  custom:video-decoder-ogg-theora: a1e56fd34408186e4bbccfd4996cb3dc -> 
  custom:container-muxer-webm: aa71ff27fc2769a1b78a27578f13a17b -> 
  custom:container-demuxer-webm: 4f35f7cbe854078d1ac9338744f61a02 -> 
  custom:video-encoder-webm-vp8: eb34c28f22e8b96e1ab97ce403110664 -> 
  custom:video-codec-MediaFoundation-h265: 746d11721c4dcdbdad8f713fa42b33f4 -> 
  custom:audio-encoder-webm-vorbis: bf7c407c2cedff20999df2af8eb42d56 -> 
  custom:framework-win-MediaFoundation: 216162199b28c13a410421893ffa2e32 -> 
  custom:container-demuxer-ogg: 62fdf1f143b41e24485cea50d1cbac27 -> 
  custom:video-decoder-webm-vp8: 9c59270c3fd7afecdb556c50c9e8de78 -> 
  custom:audio-decoder-ogg-vorbis: bf7c407c2cedff20999df2af8eb42d56 -> 
========================================================================
Received Import Request.
  Time since last request: 80422.179507 seconds.
  path: Assets/Scene_assets/2_Euro.blend
  artifactKey: Guid(7520f32eb9020ba408ffc3528ee01e25) Importer(815301076,1909f56bfc062723c751e8b465ee728b)
Start importing Assets/Scene_assets/2_Euro.blend using Guid(7520f32eb9020ba408ffc3528ee01e25) Importer(815301076,1909f56bfc062723c751e8b465ee728b)  -> (artifact id: '164b6f5ff4ca13529d0aba39210683d7') in 0.284525 seconds 
========================================================================
Received Import Request.
  Time since last request: 0.000050 seconds.
  path: Assets/Scene_assets/Beer.blend
  artifactKey: Guid(f3673ae588d495b4396d9fd78c90d21c) Importer(815301076,1909f56bfc062723c751e8b465ee728b)
Start importing Assets/Scene_assets/Beer.blend using Guid(f3673ae588d495b4396d9fd78c90d21c) Importer(815301076,1909f56bfc062723c751e8b465ee728b)  -> (artifact id: '352f84f59d7ed2b6d1e69b02ff8d0bbc') in 0.120858 seconds 
========================================================================
Received Import Request.
  Time since last request: 0.000143 seconds.
  path: Assets/Scene_assets/Pi.blend
  artifactKey: Guid(5902d5b21f06ad843b76ef33e0decf93) Importer(815301076,1909f56bfc062723c751e8b465ee728b)
Start importing Assets/Scene_assets/Pi.blend using Guid(5902d5b21f06ad843b76ef33e0decf93) Importer(815301076,1909f56bfc062723c751e8b465ee728b)  -> (artifact id: 'd241716a3c9990e2222ae0c6fb000483') in 0.132621 seconds 
========================================================================
Received Import Request.
  Time since last request: 0.000040 seconds.
  path: Assets/Scene_assets/Globe.blend
  artifactKey: Guid(297618202281d654cb371f0cfc38698b) Importer(815301076,1909f56bfc062723c751e8b465ee728b)
Start importing Assets/Scene_assets/Globe.blend using Guid(297618202281d654cb371f0cfc38698b) Importer(815301076,1909f56bfc062723c751e8b465ee728b)  -> (artifact id: '0c6705ec13dcf00930fc5c27643c29ef') in 0.202711 seconds 
========================================================================
Received Import Request.
  Time since last request: 0.000029 seconds.
  path: Assets/Scene_assets/Pizza.blend
  artifactKey: Guid(e59cdcdb2be81484a854e7e657431d9f) Importer(815301076,1909f56bfc062723c751e8b465ee728b)
Start importing Assets/Scene_assets/Pizza.blend using Guid(e59cdcdb2be81484a854e7e657431d9f) Importer(815301076,1909f56bfc062723c751e8b465ee728b)  -> (artifact id: 'ffae98723efcff5c0a2715a3238a283b') in 0.324910 seconds 
========================================================================
Received Import Request.
  Time since last request: 0.000084 seconds.
  path: Assets/Scene_assets/Root_beer.blend
  artifactKey: Guid(a40dac9117b7b6447b39be2a18e06711) Importer(815301076,1909f56bfc062723c751e8b465ee728b)
Start importing Assets/Scene_assets/Root_beer.blend using Guid(a40dac9117b7b6447b39be2a18e06711) Importer(815301076,1909f56bfc062723c751e8b465ee728b)  -> (artifact id: 'b4a0742132d96fa8791ff570f5b63596') in 0.189720 seconds 
========================================================================
Received Import Request.
  Time since last request: 0.000042 seconds.
  path: Assets/Scene_assets/Bullet.blend
  artifactKey: Guid(790d76a906fc9b747ba94697ddc937b2) Importer(815301076,1909f56bfc062723c751e8b465ee728b)
Start importing Assets/Scene_assets/Bullet.blend using Guid(790d76a906fc9b747ba94697ddc937b2) Importer(815301076,1909f56bfc062723c751e8b465ee728b)  -> (artifact id: '93cd2a382af6e7efb3b70472fe206685') in 0.057482 seconds 
========================================================================
Received Import Request.
  Time since last request: 0.000059 seconds.
  path: Assets/Scene_assets/Pirate.blend
  artifactKey: Guid(6c3b910bc8884674482d37a55f08b161) Importer(815301076,1909f56bfc062723c751e8b465ee728b)
Start importing Assets/Scene_assets/Pirate.blend using Guid(6c3b910bc8884674482d37a55f08b161) Importer(815301076,1909f56bfc062723c751e8b465ee728b)  -> (artifact id: 'ef582eee3f1522107100050f4b3dc5a8') in 0.087649 seconds 
========================================================================
Received Import Request.
  Time since last request: 0.000027 seconds.
  path: Assets/Scene_assets/Dart_Vader.blend
  artifactKey: Guid(dbc3f98ab443ad64eaf346196bc2dd23) Importer(815301076,1909f56bfc062723c751e8b465ee728b)
Start importing Assets/Scene_assets/Dart_Vader.blend using Guid(dbc3f98ab443ad64eaf346196bc2dd23) Importer(815301076,1909f56bfc062723c751e8b465ee728b)  -> (artifact id: 'c7af1a7888ff91281a49a31da2f940c1') in 0.051418 seconds 
========================================================================
Received Import Request.
  Time since last request: 0.000028 seconds.
  path: Assets/Scene_assets/Boulder.blend
  artifactKey: Guid(c880d36cd3b7c5b4aa9dad0b85f83063) Importer(815301076,1909f56bfc062723c751e8b465ee728b)
Start importing Assets/Scene_assets/Boulder.blend using Guid(c880d36cd3b7c5b4aa9dad0b85f83063) Importer(815301076,1909f56bfc062723c751e8b465ee728b)  -> (artifact id: 'd23e69c71ada79f865398a0a4624b7df') in 0.063381 seconds 
========================================================================
Received Import Request.
  Time since last request: 0.000038 seconds.
  path: Assets/Scene_assets/Gloves.blend
  artifactKey: Guid(2cf5b242811bc534e8b334c3c29cf281) Importer(815301076,1909f56bfc062723c751e8b465ee728b)
Start importing Assets/Scene_assets/Gloves.blend using Guid(2cf5b242811bc534e8b334c3c29cf281) Importer(815301076,1909f56bfc062723c751e8b465ee728b)  -> (artifact id: 'dee9de46a8bdeae719f55aa15f10f148') in 0.087374 seconds 
========================================================================
Received Import Request.
  Time since last request: 0.000129 seconds.
  path: Assets/Scene_assets/Astronaut.blend
  artifactKey: Guid(9ce5b1e84c7f61645832697c36b8b8af) Importer(815301076,1909f56bfc062723c751e8b465ee728b)
Start importing Assets/Scene_assets/Astronaut.blend using Guid(9ce5b1e84c7f61645832697c36b8b8af) Importer(815301076,1909f56bfc062723c751e8b465ee728b)  -> (artifact id: 'c0b07e9e5875e987aec19fbbf4aa57d8') in 0.077022 seconds 
========================================================================
Received Import Request.
  Time since last request: 0.000166 seconds.
  path: Assets/Scene_assets/Half.blend
  artifactKey: Guid(345b83116bec9034aa9a56991e0e25db) Importer(815301076,1909f56bfc062723c751e8b465ee728b)
Start importing Assets/Scene_assets/Half.blend using Guid(345b83116bec9034aa9a56991e0e25db) Importer(815301076,1909f56bfc062723c751e8b465ee728b)  -> (artifact id: 'a80f98c42a8430b194de13e878ce021c') in 0.056946 seconds 
========================================================================
Received Import Request.
  Time since last request: 0.000033 seconds.
  path: Assets/Scene_assets/Rubick's_Cube.blend
  artifactKey: Guid(12e5fa3bb62c944408cdc2ff85b3cbeb) Importer(815301076,1909f56bfc062723c751e8b465ee728b)
Start importing Assets/Scene_assets/Rubick's_Cube.blend using Guid(12e5fa3bb62c944408cdc2ff85b3cbeb) Importer(815301076,1909f56bfc062723c751e8b465ee728b)  -> (artifact id: '33b7a723867e383499ad0b971ddfa100') in 0.124034 seconds 
========================================================================
Received Import Request.
  Time since last request: 0.000051 seconds.
  path: Assets/Scene_assets/Fist 1.blend
  artifactKey: Guid(5c81840baaa570b4089f274c302744c6) Importer(815301076,1909f56bfc062723c751e8b465ee728b)
Start importing Assets/Scene_assets/Fist 1.blend using Guid(5c81840baaa570b4089f274c302744c6) Importer(815301076,1909f56bfc062723c751e8b465ee728b)  -> (artifact id: '705e0a1cb82131b65c6613d92d719a1f') in 0.519699 seconds 
========================================================================
Received Import Request.
  Time since last request: 0.000062 seconds.
  path: Assets/Scene_assets/Apple_pie.blend
  artifactKey: Guid(8be1add3dabbaa94698366e77663ff8a) Importer(815301076,1909f56bfc062723c751e8b465ee728b)
Start importing Assets/Scene_assets/Apple_pie.blend using Guid(8be1add3dabbaa94698366e77663ff8a) Importer(815301076,1909f56bfc062723c751e8b465ee728b)  -> (artifact id: 'b700a4d9965393aa1005939c6b6f17fd') in 0.127945 seconds 
========================================================================
Received Import Request.
  Time since last request: 0.000053 seconds.
  path: Assets/Scene_assets/Two_Fingers.blend
  artifactKey: Guid(cb11bc74e2d806e43827fb8796d46498) Importer(815301076,1909f56bfc062723c751e8b465ee728b)
Start importing Assets/Scene_assets/Two_Fingers.blend using Guid(cb11bc74e2d806e43827fb8796d46498) Importer(815301076,1909f56bfc062723c751e8b465ee728b)  -> (artifact id: 'e153792d265b9e23b1adaff77e7f524c') in 0.058774 seconds 
========================================================================
Received Import Request.
  Time since last request: 0.000046 seconds.
  path: Assets/Scene_assets/Ladder.blend
  artifactKey: Guid(a025190479c475f46b62a3f0ac595399) Importer(815301076,1909f56bfc062723c751e8b465ee728b)
Start importing Assets/Scene_assets/Ladder.blend using Guid(a025190479c475f46b62a3f0ac595399) Importer(815301076,1909f56bfc062723c751e8b465ee728b)  -> (artifact id: '0ad8011b9aff458b879363c09d91f52b') in 0.085456 seconds 
========================================================================
Received Import Request.
  Time since last request: 0.000055 seconds.
  path: Assets/Scene_assets/Volley_ball.blend
  artifactKey: Guid(998ebe8a23634af4aadb1cc829222b72) Importer(815301076,1909f56bfc062723c751e8b465ee728b)
Start importing Assets/Scene_assets/Volley_ball.blend using Guid(998ebe8a23634af4aadb1cc829222b72) Importer(815301076,1909f56bfc062723c751e8b465ee728b)  -> (artifact id: '442b1373ac1c50d0ecb551b12e5a5391') in 0.062454 seconds 
========================================================================
Received Import Request.
  Time since last request: 0.000028 seconds.
  path: Assets/Scene_assets/Rainbow.blend
  artifactKey: Guid(45e5b2c7a309c014f8b635092b37ffe5) Importer(815301076,1909f56bfc062723c751e8b465ee728b)
Start importing Assets/Scene_assets/Rainbow.blend using Guid(45e5b2c7a309c014f8b635092b37ffe5) Importer(815301076,1909f56bfc062723c751e8b465ee728b)  -> (artifact id: '367c5517ca11c3c911afbd4c0b2cb30d') in 0.291432 seconds 
========================================================================
Received Import Request.
  Time since last request: 0.041120 seconds.
  path: Assets/Scene_assets
  artifactKey: Guid(89b7e558e5d5d96448ffe259683ee258) Importer(815301076,1909f56bfc062723c751e8b465ee728b)
Start importing Assets/Scene_assets using Guid(89b7e558e5d5d96448ffe259683ee258) Importer(815301076,1909f56bfc062723c751e8b465ee728b)  -> (artifact id: 'e8f8400d2d222ec145143d4dbe5824ad') in 0.015454 seconds 
========================================================================
Received Import Request.
  Time since last request: 39.248481 seconds.
  path: Assets/Scene_assets/In Scene
  artifactKey: Guid(d570d2abdf983234b863829e885180aa) Importer(815301076,1909f56bfc062723c751e8b465ee728b)
Start importing Assets/Scene_assets/In Scene using Guid(d570d2abdf983234b863829e885180aa) Importer(815301076,1909f56bfc062723c751e8b465ee728b)  -> (artifact id: '3d8d27397e1eea55f89cd4d9a5f9a709') in 0.011602 seconds 
========================================================================
Received Import Request.
  Time since last request: 29.668714 seconds.
  path: Assets/Scene_assets/test123.cs
  artifactKey: Guid(d59ecdd2d33f51a418a6cee0b035b896) Importer(815301076,1909f56bfc062723c751e8b465ee728b)
Start importing Assets/Scene_assets/test123.cs using Guid(d59ecdd2d33f51a418a6cee0b035b896) Importer(815301076,1909f56bfc062723c751e8b465ee728b)  -> (artifact id: '33978fc3a6a12c2f9cd1fba60a8d210e') in 0.009620 seconds 
========================================================================
Received Prepare
Registering precompiled user dll's ...
Registered in 0.010049 seconds.
Begin MonoManager ReloadAssembly
Symbol file LoadedFromMemory doesn't match image D:\Files\Personal Files\Documents\Personal Docs\MS\THI\Sem 2 - Assignments\AR VR\Git Final\ar-vr-thi-app\Library\PackageCache\com.unity.visualscripting@1.7.8\Editor\VisualScripting.Core\Dependencies\DotNetZip\Unity.VisualScripting.IonicZip.dll
Symbol file LoadedFromMemory doesn't match image D:\Files\Personal Files\Documents\Personal Docs\MS\THI\Sem 2 - Assignments\AR VR\Git Final\ar-vr-thi-app\Library\PackageCache\com.unity.visualscripting@1.7.8\Editor\VisualScripting.Core\Dependencies\YamlDotNet\Unity.VisualScripting.YamlDotNet.dll
Native extension for WindowsStandalone target not found
Refreshing native plugins compatible for Editor in 1.49 ms, found 15 plugins.
Preloading 0 native plugins for Editor in 0.00 ms.
Mono: successfully reloaded assembly
- Completed reload, in  1.822 seconds
Domain Reload Profiling:
	ReloadAssembly (1823ms)
		BeginReloadAssembly (385ms)
			ExecutionOrderSort (0ms)
			DisableScriptedObjects (9ms)
			BackupInstance (0ms)
			ReleaseScriptingObjects (0ms)
			CreateAndSetChildDomain (226ms)
		EndReloadAssembly (1268ms)
			LoadAssemblies (135ms)
			RebuildTransferFunctionScriptingTraits (0ms)
			SetupTypeCache (412ms)
			ReleaseScriptCaches (1ms)
			RebuildScriptCaches (58ms)
			SetupLoadedEditorAssemblies (611ms)
				LogAssemblyErrors (0ms)
				InitializePlatformSupportModulesInManaged (13ms)
				SetLoadedEditorAssemblies (1ms)
				RefreshPlugins (2ms)
				BeforeProcessingInitializeOnLoad (87ms)
				ProcessInitializeOnLoadAttributes (442ms)
				ProcessInitializeOnLoadMethodAttributes (59ms)
				AfterProcessingInitializeOnLoad (8ms)
				EditorAssembliesLoaded (0ms)
			ExecutionOrderSort2 (0ms)
			AwakeInstancesAfterBackupRestoration (7ms)
Platform modules already initialized, skipping
Refreshing native plugins compatible for Editor in 8.14 ms, found 15 plugins.
Preloading 0 native plugins for Editor in 0.00 ms.
Unloading 5358 Unused Serialized files (Serialized files now loaded: 0)
Unloading 82 unused Assets / (26.7 KB). Loaded Objects now: 5878.
Memory consumption went from 209.1 MB to 209.1 MB.
Total: 5.073200 ms (FindLiveObjects: 0.508500 ms CreateObjectMapping: 0.433100 ms MarkObjects: 4.003900 ms  DeleteObjects: 0.126400 ms)

AssetImportParameters requested are different than current active one (requested -> active):
  custom:video-decoder-ogg-theora: a1e56fd34408186e4bbccfd4996cb3dc -> 
  custom:container-muxer-webm: aa71ff27fc2769a1b78a27578f13a17b -> 
  custom:container-demuxer-webm: 4f35f7cbe854078d1ac9338744f61a02 -> 
  custom:video-encoder-webm-vp8: eb34c28f22e8b96e1ab97ce403110664 -> 
  custom:video-codec-MediaFoundation-h265: 746d11721c4dcdbdad8f713fa42b33f4 -> 
  custom:audio-encoder-webm-vorbis: bf7c407c2cedff20999df2af8eb42d56 -> 
  custom:framework-win-MediaFoundation: 216162199b28c13a410421893ffa2e32 -> 
  custom:container-demuxer-ogg: 62fdf1f143b41e24485cea50d1cbac27 -> 
  custom:video-decoder-webm-vp8: 9c59270c3fd7afecdb556c50c9e8de78 -> 
  custom:audio-decoder-ogg-vorbis: bf7c407c2cedff20999df2af8eb42d56 -> 
========================================================================
Received Import Request.
  Time since last request: 187.939376 seconds.
  path: Assets/Animations/AvatarMask.mask
  artifactKey: Guid(a8cc72d9348fefb4984281c582c931b9) Importer(815301076,1909f56bfc062723c751e8b465ee728b)
Start importing Assets/Animations/AvatarMask.mask using Guid(a8cc72d9348fefb4984281c582c931b9) Importer(815301076,1909f56bfc062723c751e8b465ee728b)  -> (artifact id: '28defbe1d8f8a46f7c2d796f9ae9e991') in 0.034106 seconds 
========================================================================
Received Import Request.
  Time since last request: 0.000038 seconds.
  path: Assets/Animations/xbot@Walking Backwards.fbx
  artifactKey: Guid(5c1e82ed3e38f4243af6a99c98bb83d8) Importer(815301076,1909f56bfc062723c751e8b465ee728b)
Start importing Assets/Animations/xbot@Walking Backwards.fbx using Guid(5c1e82ed3e38f4243af6a99c98bb83d8) Importer(815301076,1909f56bfc062723c751e8b465ee728b)  -> (artifact id: '4e292a2dd987b37e64f3eb1123d281b8') in 0.046021 seconds 
========================================================================
Received Import Request.
  Time since last request: 0.841670 seconds.
  path: Assets/Kitchen Assets/Kitchen take 3.fbx
  artifactKey: Guid(0bb52053015a645498834c487d8de101) Importer(815301076,1909f56bfc062723c751e8b465ee728b)
Start importing Assets/Kitchen Assets/Kitchen take 3.fbx using Guid(0bb52053015a645498834c487d8de101) Importer(815301076,1909f56bfc062723c751e8b465ee728b)  -> (artifact id: '95372119caf5055ac67eafcd70831736') in 0.529262 seconds 
========================================================================
Received Import Request.
  Time since last request: 380.301214 seconds.
  path: Assets/Scene_assets/Weighing_Scale.blend
  artifactKey: Guid(2e95b164b6e312941aa006bdecd61a2a) Importer(815301076,1909f56bfc062723c751e8b465ee728b)
Start importing Assets/Scene_assets/Weighing_Scale.blend using Guid(2e95b164b6e312941aa006bdecd61a2a) Importer(815301076,1909f56bfc062723c751e8b465ee728b)  -> (artifact id: '576979375c0088312146c213ef7f2a00') in 0.753086 seconds 
========================================================================
Received Import Request.
  Time since last request: 138.358713 seconds.
  path: Assets/Materials_V2/Beetroot.mat
  artifactKey: Guid(dd030be32a2ea7646aa7963c5dafa0bb) Importer(815301076,1909f56bfc062723c751e8b465ee728b)
Start importing Assets/Materials_V2/Beetroot.mat using Guid(dd030be32a2ea7646aa7963c5dafa0bb) Importer(815301076,1909f56bfc062723c751e8b465ee728b)  -> (artifact id: '570850dcaf19186656fb02f9d9002a85') in 0.043927 seconds 
========================================================================
Received Import Request.
  Time since last request: 0.000067 seconds.
  path: Assets/Materials_V2/White Plastic.mat
  artifactKey: Guid(0a7fef4e544825f4abb1558064312f56) Importer(815301076,1909f56bfc062723c751e8b465ee728b)
Start importing Assets/Materials_V2/White Plastic.mat using Guid(0a7fef4e544825f4abb1558064312f56) Importer(815301076,1909f56bfc062723c751e8b465ee728b)  -> (artifact id: '0eae80993b2a567414238998d9195e2b') in 0.043625 seconds 
========================================================================
Received Import Request.
  Time since last request: 0.000035 seconds.
  path: Assets/Materials_V2/Glass.mat
  artifactKey: Guid(96b06d794c488204f94032e8c834a1a6) Importer(815301076,1909f56bfc062723c751e8b465ee728b)
Start importing Assets/Materials_V2/Glass.mat using Guid(96b06d794c488204f94032e8c834a1a6) Importer(815301076,1909f56bfc062723c751e8b465ee728b)  -> (artifact id: '270e31e6dd1bacc9a510dfaa1f6a83d0') in 0.066162 seconds 
========================================================================
Received Import Request.
  Time since last request: 0.000046 seconds.
  path: Assets/Materials_V2/wood-texture-11131518.mat
  artifactKey: Guid(a6c81e325a8e90a499c1047c6d0b9b0c) Importer(815301076,1909f56bfc062723c751e8b465ee728b)
Start importing Assets/Materials_V2/wood-texture-11131518.mat using Guid(a6c81e325a8e90a499c1047c6d0b9b0c) Importer(815301076,1909f56bfc062723c751e8b465ee728b)  -> (artifact id: '0568aa6fca28a961695df538aa8cf9ba') in 0.040007 seconds 
========================================================================
Received Import Request.
  Time since last request: 0.000036 seconds.
  path: Assets/Materials_V2/Wood.mat
  artifactKey: Guid(b806e650fe6c03544902c3f9ba3c23d0) Importer(815301076,1909f56bfc062723c751e8b465ee728b)
Start importing Assets/Materials_V2/Wood.mat using Guid(b806e650fe6c03544902c3f9ba3c23d0) Importer(815301076,1909f56bfc062723c751e8b465ee728b)  -> (artifact id: '6bfa70f081fc9af3827f5b47621d44db') in 0.051297 seconds 
========================================================================
Received Import Request.
  Time since last request: 0.000036 seconds.
  path: Assets/Materials_V2/Marble.mat
  artifactKey: Guid(3b31516db5cbd1545bd9c44bb195cfd2) Importer(815301076,1909f56bfc062723c751e8b465ee728b)
Start importing Assets/Materials_V2/Marble.mat using Guid(3b31516db5cbd1545bd9c44bb195cfd2) Importer(815301076,1909f56bfc062723c751e8b465ee728b)  -> (artifact id: 'd361f1289d37135c59bca8dc4056e417') in 0.064728 seconds 
========================================================================
Received Import Request.
  Time since last request: 0.000240 seconds.
  path: Assets/Materials_V2/Grey.mat
  artifactKey: Guid(8ecdbe85014773d41a741c792f7ee32a) Importer(815301076,1909f56bfc062723c751e8b465ee728b)
Start importing Assets/Materials_V2/Grey.mat using Guid(8ecdbe85014773d41a741c792f7ee32a) Importer(815301076,1909f56bfc062723c751e8b465ee728b)  -> (artifact id: '0c7a02bfbfc7d7cdfb3536a9543a98db') in 0.035615 seconds 
========================================================================
Received Import Request.
  Time since last request: 0.000079 seconds.
  path: Assets/Materials_V2/World_Map_Original-Map-1.mat
  artifactKey: Guid(39087f7840d43d543b6a5b805af4262b) Importer(815301076,1909f56bfc062723c751e8b465ee728b)
Start importing Assets/Materials_V2/World_Map_Original-Map-1.mat using Guid(39087f7840d43d543b6a5b805af4262b) Importer(815301076,1909f56bfc062723c751e8b465ee728b)  -> (artifact id: 'f57d6f27d98ea9e3d5d4e3edde0edf4c') in 0.051548 seconds 
========================================================================
Received Import Request.
  Time since last request: 0.457448 seconds.
  path: Assets/Materials/CheckerPlane.mat
  artifactKey: Guid(b2f0ea985a08c994c8ffbb51f7adb949) Importer(815301076,1909f56bfc062723c751e8b465ee728b)
Start importing Assets/Materials/CheckerPlane.mat using Guid(b2f0ea985a08c994c8ffbb51f7adb949) Importer(815301076,1909f56bfc062723c751e8b465ee728b)  -> (artifact id: '18c0f5532a6fec65361a9ef72dbf73b3') in 0.025658 seconds 
========================================================================
Received Import Request.
  Time since last request: 0.000033 seconds.
  path: Assets/Materials/Red.mat
  artifactKey: Guid(1447f5e0f16a0e545875cbeeb1bf293c) Importer(815301076,1909f56bfc062723c751e8b465ee728b)
Start importing Assets/Materials/Red.mat using Guid(1447f5e0f16a0e545875cbeeb1bf293c) Importer(815301076,1909f56bfc062723c751e8b465ee728b)  -> (artifact id: '15a65fdb954a2737c1070586e493c10d') in 0.038346 seconds 
========================================================================
Received Import Request.
  Time since last request: 0.000031 seconds.
  path: Assets/Materials/Green.mat
  artifactKey: Guid(b3cbabc8a23d2db4683a5e37a154c967) Importer(815301076,1909f56bfc062723c751e8b465ee728b)
Start importing Assets/Materials/Green.mat using Guid(b3cbabc8a23d2db4683a5e37a154c967) Importer(815301076,1909f56bfc062723c751e8b465ee728b)  -> (artifact id: '55fb7728b6b917a5925054b51e205d05') in 0.053212 seconds 
========================================================================
Received Import Request.
  Time since last request: 122.406651 seconds.
  path: Assets/Materials_V2/Decals/2_evra_spreda.png
  artifactKey: Guid(293a694fc3a3b1542aba799f39a02a58) Importer(815301076,1909f56bfc062723c751e8b465ee728b)
Start importing Assets/Materials_V2/Decals/2_evra_spreda.png using Guid(293a694fc3a3b1542aba799f39a02a58) Importer(815301076,1909f56bfc062723c751e8b465ee728b)  -> (artifact id: '1a8f31c3f35a960308089f44537b96ae') in 0.431067 seconds 
========================================================================
Received Import Request.
  Time since last request: 0.000032 seconds.
  path: Assets/Materials_V2/Decals/fine_grained_wood_col_4k.jpg
  artifactKey: Guid(8384faffaecea8f44bb6207db70aca30) Importer(815301076,1909f56bfc062723c751e8b465ee728b)
Start importing Assets/Materials_V2/Decals/fine_grained_wood_col_4k.jpg using Guid(8384faffaecea8f44bb6207db70aca30) Importer(815301076,1909f56bfc062723c751e8b465ee728b)  -> (artifact id: '14903d1bcd3317422ed16c725330bd23') in 0.053471 seconds 
========================================================================
Received Import Request.
  Time since last request: 0.000043 seconds.
  path: Assets/Materials_V2/Decals/Root_Beer_Label.jpg
  artifactKey: Guid(5e26b5334a0e83b49872314ae6cd0567) Importer(815301076,1909f56bfc062723c751e8b465ee728b)
Start importing Assets/Materials_V2/Decals/Root_Beer_Label.jpg using Guid(5e26b5334a0e83b49872314ae6cd0567) Importer(815301076,1909f56bfc062723c751e8b465ee728b)  -> (artifact id: '1022d07c0e365a9fd3c374c71b73d6f1') in 0.045296 seconds 
========================================================================
Received Import Request.
  Time since last request: 3.457080 seconds.
  path: Assets/Materials_V2/Room
  artifactKey: Guid(4e090f17319350c49a906677379eb842) Importer(815301076,1909f56bfc062723c751e8b465ee728b)
Start importing Assets/Materials_V2/Room using Guid(4e090f17319350c49a906677379eb842) Importer(815301076,1909f56bfc062723c751e8b465ee728b)  -> (artifact id: '3bbfca09acefad95fe3ef52be1850c88') in 0.010046 seconds 
========================================================================
Received Import Request.
  Time since last request: 0.423032 seconds.
  path: Assets/Materials_V2/Room/aerial_asphalt_01_diff_2k.jpg
  artifactKey: Guid(67e6003217a559044b271cd6a4cf7fe2) Importer(815301076,1909f56bfc062723c751e8b465ee728b)
Start importing Assets/Materials_V2/Room/aerial_asphalt_01_diff_2k.jpg using Guid(67e6003217a559044b271cd6a4cf7fe2) Importer(815301076,1909f56bfc062723c751e8b465ee728b)  -> (artifact id: '3af2556b2412b641486a14b36502b911') in 0.057184 seconds 
========================================================================
Received Import Request.
  Time since last request: 0.000083 seconds.
  path: Assets/Materials_V2/Room/floor_tiles_06_diff_2k.jpg
  artifactKey: Guid(26a26c98b24ffd84882164490bd9b122) Importer(815301076,1909f56bfc062723c751e8b465ee728b)
Start importing Assets/Materials_V2/Room/floor_tiles_06_diff_2k.jpg using Guid(26a26c98b24ffd84882164490bd9b122) Importer(815301076,1909f56bfc062723c751e8b465ee728b)  -> (artifact id: '82a4bba11250992da45a869e7311eee3') in 0.032591 seconds 
========================================================================
Received Import Request.
  Time since last request: 0.000049 seconds.
  path: Assets/Materials_V2/Room/synthetic_wood_diff_2k 1.jpg
  artifactKey: Guid(d34b92403efec144daa681c07f146141) Importer(815301076,1909f56bfc062723c751e8b465ee728b)
Start importing Assets/Materials_V2/Room/synthetic_wood_diff_2k 1.jpg using Guid(d34b92403efec144daa681c07f146141) Importer(815301076,1909f56bfc062723c751e8b465ee728b)  -> (artifact id: '2ce095f6d1f7b3b167e359c1380e594a') in 0.035578 seconds 
========================================================================
Received Import Request.
  Time since last request: 0.000049 seconds.
  path: Assets/Materials_V2/Room/synthetic_wood_diff_2k.jpg
  artifactKey: Guid(70441d076378ee74db4cea4c1e4fddd5) Importer(815301076,1909f56bfc062723c751e8b465ee728b)
Start importing Assets/Materials_V2/Room/synthetic_wood_diff_2k.jpg using Guid(70441d076378ee74db4cea4c1e4fddd5) Importer(815301076,1909f56bfc062723c751e8b465ee728b)  -> (artifact id: 'df6ed81a42c71e92d948eb8fae35c9cc') in 0.031622 seconds 
========================================================================
Received Import Request.
  Time since last request: 0.000048 seconds.
  path: Assets/Materials_V2/Room/concrete_wall_004_diff_2k.jpg
  artifactKey: Guid(f1454ed939af35d499bf3f7074bafa76) Importer(815301076,1909f56bfc062723c751e8b465ee728b)
Start importing Assets/Materials_V2/Room/concrete_wall_004_diff_2k.jpg using Guid(f1454ed939af35d499bf3f7074bafa76) Importer(815301076,1909f56bfc062723c751e8b465ee728b)  -> (artifact id: 'ffdc4e600ae608aec1d891be3d02fb18') in 0.056815 seconds 
========================================================================
Received Import Request.
  Time since last request: 0.000036 seconds.
  path: Assets/Materials_V2/Room/Screenshot 2022-11-29 111809.png
  artifactKey: Guid(7ede0217b93e2e04086cea2845110b75) Importer(815301076,1909f56bfc062723c751e8b465ee728b)
Start importing Assets/Materials_V2/Room/Screenshot 2022-11-29 111809.png using Guid(7ede0217b93e2e04086cea2845110b75) Importer(815301076,1909f56bfc062723c751e8b465ee728b)  -> (artifact id: '719dc810e9e47dd7013fceed9050814e') in 0.034202 seconds 
========================================================================
Received Import Request.
  Time since last request: 0.000032 seconds.
  path: Assets/Materials_V2/Room/snow_04_diff_2k.jpg
  artifactKey: Guid(e12440f35a80c0a4b9177085de5303e6) Importer(815301076,1909f56bfc062723c751e8b465ee728b)
Start importing Assets/Materials_V2/Room/snow_04_diff_2k.jpg using Guid(e12440f35a80c0a4b9177085de5303e6) Importer(815301076,1909f56bfc062723c751e8b465ee728b)  -> (artifact id: '9bfee9b13f9f8022585f2d24502176a4') in 0.037147 seconds 
========================================================================
Received Import Request.
  Time since last request: 0.000041 seconds.
  path: Assets/Materials_V2/Room/red_bricks_04_diff_2k.jpg
  artifactKey: Guid(06358a6e63803c5499c4de25f93d7a03) Importer(815301076,1909f56bfc062723c751e8b465ee728b)
Start importing Assets/Materials_V2/Room/red_bricks_04_diff_2k.jpg using Guid(06358a6e63803c5499c4de25f93d7a03) Importer(815301076,1909f56bfc062723c751e8b465ee728b)  -> (artifact id: '15a7756c714f44af16dfda5d29cc7568') in 0.049082 seconds 
========================================================================
Received Import Request.
  Time since last request: 0.407597 seconds.
  path: Assets/Materials_V2/Room/Materials
  artifactKey: Guid(b31c4792f82a05049b498ef3d0de8b93) Importer(815301076,1909f56bfc062723c751e8b465ee728b)
Start importing Assets/Materials_V2/Room/Materials using Guid(b31c4792f82a05049b498ef3d0de8b93) Importer(815301076,1909f56bfc062723c751e8b465ee728b)  -> (artifact id: '1295cbc8e80f7e5aaaaeed2d94a0a3f3') in 0.009964 seconds 
========================================================================
Received Import Request.
  Time since last request: 3.248084 seconds.
  path: Assets/Materials_V2/Room/Materials/aerial_asphalt_01_diff_2k.mat
  artifactKey: Guid(2996aa7f11c348f46809104f5b582b72) Importer(815301076,1909f56bfc062723c751e8b465ee728b)
Start importing Assets/Materials_V2/Room/Materials/aerial_asphalt_01_diff_2k.mat using Guid(2996aa7f11c348f46809104f5b582b72) Importer(815301076,1909f56bfc062723c751e8b465ee728b)  -> (artifact id: 'afe1eb33b1ad4096d0d6f3d9b81acbd8') in 0.035946 seconds 
========================================================================
Received Import Request.
  Time since last request: 0.000035 seconds.
  path: Assets/Materials_V2/Room/Materials/synthetic_wood_diff_2k.mat
  artifactKey: Guid(25c66c16474ed4141bf683889e921933) Importer(815301076,1909f56bfc062723c751e8b465ee728b)
Start importing Assets/Materials_V2/Room/Materials/synthetic_wood_diff_2k.mat using Guid(25c66c16474ed4141bf683889e921933) Importer(815301076,1909f56bfc062723c751e8b465ee728b)  -> (artifact id: 'e36bf7d480c72bf19310e5e074bebf99') in 0.027177 seconds 
========================================================================
Received Import Request.
  Time since last request: 0.000054 seconds.
  path: Assets/Materials_V2/Room/Materials/brick_wall_001_diffuse_2k.mat
  artifactKey: Guid(2ca95d7da847a1643b9c0d60356df38a) Importer(815301076,1909f56bfc062723c751e8b465ee728b)
Start importing Assets/Materials_V2/Room/Materials/brick_wall_001_diffuse_2k.mat using Guid(2ca95d7da847a1643b9c0d60356df38a) Importer(815301076,1909f56bfc062723c751e8b465ee728b)  -> (artifact id: 'ad2d357b817b9dbd0f20805039ed8d78') in 0.034499 seconds 
========================================================================
Received Import Request.
  Time since last request: 0.000041 seconds.
  path: Assets/Materials_V2/Room/Materials/red_bricks_04_diff_2k.mat
  artifactKey: Guid(97d300b7f1475794a9b3c7cf1698c023) Importer(815301076,1909f56bfc062723c751e8b465ee728b)
Start importing Assets/Materials_V2/Room/Materials/red_bricks_04_diff_2k.mat using Guid(97d300b7f1475794a9b3c7cf1698c023) Importer(815301076,1909f56bfc062723c751e8b465ee728b)  -> (artifact id: '0b2d2ec1a44d88ae25555821b03a6915') in 0.059959 seconds 
========================================================================
Received Import Request.
  Time since last request: 0.000041 seconds.
  path: Assets/Materials_V2/Room/Materials/concrete_wall_004_disp_2k.mat
  artifactKey: Guid(bbfafcc67e0d48149abb9c5f7f8d93ad) Importer(815301076,1909f56bfc062723c751e8b465ee728b)
Start importing Assets/Materials_V2/Room/Materials/concrete_wall_004_disp_2k.mat using Guid(bbfafcc67e0d48149abb9c5f7f8d93ad) Importer(815301076,1909f56bfc062723c751e8b465ee728b)  -> (artifact id: 'f154398672eac89f111203236c508730') in 0.044218 seconds 
========================================================================
Received Import Request.
  Time since last request: 0.000083 seconds.
  path: Assets/Materials_V2/Room/Materials/laminate_floor_diff_2k.mat
  artifactKey: Guid(b9f2ac0b609675b4490912151771a4af) Importer(815301076,1909f56bfc062723c751e8b465ee728b)
Start importing Assets/Materials_V2/Room/Materials/laminate_floor_diff_2k.mat using Guid(b9f2ac0b609675b4490912151771a4af) Importer(815301076,1909f56bfc062723c751e8b465ee728b)  -> (artifact id: '07d808c763fdbd71fe3fcdeebf062ea7') in 0.046106 seconds 
========================================================================
Received Import Request.
  Time since last request: 0.000035 seconds.
  path: Assets/Materials_V2/Room/Materials/snow_04_diff_2k.mat
  artifactKey: Guid(2ff57e7e782d6c74490769bc8ea8d9b9) Importer(815301076,1909f56bfc062723c751e8b465ee728b)
Start importing Assets/Materials_V2/Room/Materials/snow_04_diff_2k.mat using Guid(2ff57e7e782d6c74490769bc8ea8d9b9) Importer(815301076,1909f56bfc062723c751e8b465ee728b)  -> (artifact id: '616ad3e85991cd519fe3e3571679d798') in 0.060303 seconds 
========================================================================
Received Import Request.
  Time since last request: 253.547960 seconds.
  path: Assets/Materials_V2/Room/Materials/F.jpg
  artifactKey: Guid(24125024bfedd7e46b0b457737a20459) Importer(815301076,1909f56bfc062723c751e8b465ee728b)
Start importing Assets/Materials_V2/Room/Materials/F.jpg using Guid(24125024bfedd7e46b0b457737a20459) Importer(815301076,1909f56bfc062723c751e8b465ee728b)  -> (artifact id: '5d468b5717f6699ef1dd49abe90d2072') in 0.042789 seconds 
========================================================================
Received Import Request.
  Time since last request: 10.377445 seconds.
  path: Assets/Materials_V2/Room/F.jpg
  artifactKey: Guid(2dde196e22710524bae39d666ab7064d) Importer(815301076,1909f56bfc062723c751e8b465ee728b)
Start importing Assets/Materials_V2/Room/F.jpg using Guid(2dde196e22710524bae39d666ab7064d) Importer(815301076,1909f56bfc062723c751e8b465ee728b)  -> (artifact id: '91e05bc62f02040aa363542b75e1b046') in 0.020959 seconds 
========================================================================
Received Import Request.
  Time since last request: 53.879047 seconds.
  path: Assets/Materials_V2/Room/Materials/F.mat
  artifactKey: Guid(b0935b891541c5b4e80f454b720919cd) Importer(815301076,1909f56bfc062723c751e8b465ee728b)
Start importing Assets/Materials_V2/Room/Materials/F.mat using Guid(b0935b891541c5b4e80f454b720919cd) Importer(815301076,1909f56bfc062723c751e8b465ee728b)  -> (artifact id: 'ed4a3cc7d82c95d66d6a10717950bb5d') in 0.038074 seconds 
========================================================================
Received Import Request.
  Time since last request: 532.511119 seconds.
  path: Assets/Materials_V2
  artifactKey: Guid(c227e515bcf68f44c96e3dd8aa7b5f53) Importer(815301076,1909f56bfc062723c751e8b465ee728b)
Start importing Assets/Materials_V2 using Guid(c227e515bcf68f44c96e3dd8aa7b5f53) Importer(815301076,1909f56bfc062723c751e8b465ee728b)  -> (artifact id: '77183e7d0200318bcb97e100beeb7e54') in 0.016212 seconds 
========================================================================
Received Import Request.
  Time since last request: 11.391729 seconds.
  path: Assets/Materials_V2/New Material.mat
  artifactKey: Guid(409041b4924d5a64f9d10bba38b8ed6a) Importer(815301076,1909f56bfc062723c751e8b465ee728b)
Start importing Assets/Materials_V2/New Material.mat using Guid(409041b4924d5a64f9d10bba38b8ed6a) Importer(815301076,1909f56bfc062723c751e8b465ee728b)  -> (artifact id: '0b307fb9f6dd25d2ddfde83c41696a08') in 0.111382 seconds 
========================================================================
Received Import Request.
  Time since last request: 45.289243 seconds.
  path: Assets/Materials_V2/Skin.mat
  artifactKey: Guid(409041b4924d5a64f9d10bba38b8ed6a) Importer(815301076,1909f56bfc062723c751e8b465ee728b)
Start importing Assets/Materials_V2/Skin.mat using Guid(409041b4924d5a64f9d10bba38b8ed6a) Importer(815301076,1909f56bfc062723c751e8b465ee728b)  -> (artifact id: '9df052b8c908ce6400c2818c34d3f2b8') in 0.055592 seconds 
========================================================================
Received Import Request.
  Time since last request: 131.841022 seconds.
  path: Assets/Materials_V2/Skin.mat
  artifactKey: Guid(409041b4924d5a64f9d10bba38b8ed6a) Importer(815301076,1909f56bfc062723c751e8b465ee728b)
Start importing Assets/Materials_V2/Skin.mat using Guid(409041b4924d5a64f9d10bba38b8ed6a) Importer(815301076,1909f56bfc062723c751e8b465ee728b)  -> (artifact id: '428527ace589b2d2d149d92291d62fdc') in 0.054500 seconds 
========================================================================
Received Import Request.
  Time since last request: 34.756892 seconds.
  path: Assets/Materials_V2/Skin.mat
  artifactKey: Guid(409041b4924d5a64f9d10bba38b8ed6a) Importer(815301076,1909f56bfc062723c751e8b465ee728b)
Start importing Assets/Materials_V2/Skin.mat using Guid(409041b4924d5a64f9d10bba38b8ed6a) Importer(815301076,1909f56bfc062723c751e8b465ee728b)  -> (artifact id: 'db88bb2fc17c0dd0c1a41c2a57746ef4') in 0.059181 seconds 
========================================================================
Received Prepare
Registering precompiled user dll's ...
Registered in 0.009900 seconds.
Begin MonoManager ReloadAssembly
Symbol file LoadedFromMemory doesn't match image D:\Files\Personal Files\Documents\Personal Docs\MS\THI\Sem 2 - Assignments\AR VR\Git Final\ar-vr-thi-app\Library\PackageCache\com.unity.visualscripting@1.7.8\Editor\VisualScripting.Core\Dependencies\DotNetZip\Unity.VisualScripting.IonicZip.dll
Symbol file LoadedFromMemory doesn't match image D:\Files\Personal Files\Documents\Personal Docs\MS\THI\Sem 2 - Assignments\AR VR\Git Final\ar-vr-thi-app\Library\PackageCache\com.unity.visualscripting@1.7.8\Editor\VisualScripting.Core\Dependencies\YamlDotNet\Unity.VisualScripting.YamlDotNet.dll
Native extension for WindowsStandalone target not found
Refreshing native plugins compatible for Editor in 4.55 ms, found 15 plugins.
Preloading 0 native plugins for Editor in 0.00 ms.
Mono: successfully reloaded assembly
- Completed reload, in  6.388 seconds
Domain Reload Profiling:
	ReloadAssembly (6396ms)
		BeginReloadAssembly (1583ms)
			ExecutionOrderSort (1ms)
			DisableScriptedObjects (100ms)
			BackupInstance (0ms)
			ReleaseScriptingObjects (1ms)
			CreateAndSetChildDomain (800ms)
		EndReloadAssembly (4648ms)
			LoadAssemblies (273ms)
			RebuildTransferFunctionScriptingTraits (0ms)
			SetupTypeCache (2442ms)
			ReleaseScriptCaches (5ms)
			RebuildScriptCaches (126ms)
			SetupLoadedEditorAssemblies (1674ms)
				LogAssemblyErrors (0ms)
				InitializePlatformSupportModulesInManaged (39ms)
				SetLoadedEditorAssemblies (4ms)
				RefreshPlugins (5ms)
				BeforeProcessingInitializeOnLoad (184ms)
				ProcessInitializeOnLoadAttributes (1211ms)
				ProcessInitializeOnLoadMethodAttributes (190ms)
				AfterProcessingInitializeOnLoad (9ms)
				EditorAssembliesLoaded (32ms)
			ExecutionOrderSort2 (0ms)
			AwakeInstancesAfterBackupRestoration (66ms)
Platform modules already initialized, skipping
Refreshing native plugins compatible for Editor in 32.93 ms, found 15 plugins.
Preloading 0 native plugins for Editor in 0.00 ms.
Unloading 5358 Unused Serialized files (Serialized files now loaded: 0)
Unloading 82 unused Assets / (26.9 KB). Loaded Objects now: 5887.
Memory consumption went from 209.4 MB to 209.3 MB.
Total: 20.030500 ms (FindLiveObjects: 1.006400 ms CreateObjectMapping: 2.353700 ms MarkObjects: 15.580500 ms  DeleteObjects: 1.087500 ms)

AssetImportParameters requested are different than current active one (requested -> active):
  custom:video-decoder-ogg-theora: a1e56fd34408186e4bbccfd4996cb3dc -> 
  custom:container-muxer-webm: aa71ff27fc2769a1b78a27578f13a17b -> 
  custom:container-demuxer-webm: 4f35f7cbe854078d1ac9338744f61a02 -> 
  custom:video-encoder-webm-vp8: eb34c28f22e8b96e1ab97ce403110664 -> 
  custom:video-codec-MediaFoundation-h265: 746d11721c4dcdbdad8f713fa42b33f4 -> 
  custom:audio-encoder-webm-vorbis: bf7c407c2cedff20999df2af8eb42d56 -> 
  custom:framework-win-MediaFoundation: 216162199b28c13a410421893ffa2e32 -> 
  custom:container-demuxer-ogg: 62fdf1f143b41e24485cea50d1cbac27 -> 
  custom:video-decoder-webm-vp8: 9c59270c3fd7afecdb556c50c9e8de78 -> 
  custom:audio-decoder-ogg-vorbis: bf7c407c2cedff20999df2af8eb42d56 -> 
========================================================================
Received Prepare
Registering precompiled user dll's ...
Registered in 0.009498 seconds.
Begin MonoManager ReloadAssembly
Symbol file LoadedFromMemory doesn't match image D:\Files\Personal Files\Documents\Personal Docs\MS\THI\Sem 2 - Assignments\AR VR\Git Final\ar-vr-thi-app\Library\PackageCache\com.unity.visualscripting@1.7.8\Editor\VisualScripting.Core\Dependencies\DotNetZip\Unity.VisualScripting.IonicZip.dll
Symbol file LoadedFromMemory doesn't match image D:\Files\Personal Files\Documents\Personal Docs\MS\THI\Sem 2 - Assignments\AR VR\Git Final\ar-vr-thi-app\Library\PackageCache\com.unity.visualscripting@1.7.8\Editor\VisualScripting.Core\Dependencies\YamlDotNet\Unity.VisualScripting.YamlDotNet.dll
Native extension for WindowsStandalone target not found
Refreshing native plugins compatible for Editor in 1.61 ms, found 15 plugins.
Preloading 0 native plugins for Editor in 0.00 ms.
Mono: successfully reloaded assembly
- Completed reload, in  2.011 seconds
Domain Reload Profiling:
	ReloadAssembly (2012ms)
		BeginReloadAssembly (172ms)
			ExecutionOrderSort (0ms)
			DisableScriptedObjects (5ms)
			BackupInstance (0ms)
			ReleaseScriptingObjects (0ms)
			CreateAndSetChildDomain (51ms)
		EndReloadAssembly (1675ms)
			LoadAssemblies (119ms)
			RebuildTransferFunctionScriptingTraits (0ms)
			SetupTypeCache (461ms)
			ReleaseScriptCaches (2ms)
			RebuildScriptCaches (57ms)
			SetupLoadedEditorAssemblies (963ms)
				LogAssemblyErrors (0ms)
				InitializePlatformSupportModulesInManaged (15ms)
				SetLoadedEditorAssemblies (1ms)
				RefreshPlugins (2ms)
				BeforeProcessingInitializeOnLoad (101ms)
				ProcessInitializeOnLoadAttributes (765ms)
				ProcessInitializeOnLoadMethodAttributes (70ms)
				AfterProcessingInitializeOnLoad (9ms)
				EditorAssembliesLoaded (0ms)
			ExecutionOrderSort2 (0ms)
			AwakeInstancesAfterBackupRestoration (9ms)
Platform modules already initialized, skipping
Refreshing native plugins compatible for Editor in 16.09 ms, found 15 plugins.
Preloading 0 native plugins for Editor in 0.00 ms.
Unloading 5358 Unused Serialized files (Serialized files now loaded: 0)
Unloading 81 unused Assets / (26.8 KB). Loaded Objects now: 5893.
Memory consumption went from 209.4 MB to 209.3 MB.
Total: 17.835300 ms (FindLiveObjects: 1.677700 ms CreateObjectMapping: 1.271600 ms MarkObjects: 14.786800 ms  DeleteObjects: 0.097100 ms)

AssetImportParameters requested are different than current active one (requested -> active):
  custom:video-decoder-ogg-theora: a1e56fd34408186e4bbccfd4996cb3dc -> 
  custom:container-muxer-webm: aa71ff27fc2769a1b78a27578f13a17b -> 
  custom:container-demuxer-webm: 4f35f7cbe854078d1ac9338744f61a02 -> 
  custom:video-encoder-webm-vp8: eb34c28f22e8b96e1ab97ce403110664 -> 
  custom:video-codec-MediaFoundation-h265: 746d11721c4dcdbdad8f713fa42b33f4 -> 
  custom:audio-encoder-webm-vorbis: bf7c407c2cedff20999df2af8eb42d56 -> 
  custom:framework-win-MediaFoundation: 216162199b28c13a410421893ffa2e32 -> 
  custom:container-demuxer-ogg: 62fdf1f143b41e24485cea50d1cbac27 -> 
  custom:video-decoder-webm-vp8: 9c59270c3fd7afecdb556c50c9e8de78 -> 
  custom:audio-decoder-ogg-vorbis: bf7c407c2cedff20999df2af8eb42d56 -> 
========================================================================
Received Prepare
Registering precompiled user dll's ...
Registered in 0.008827 seconds.
Begin MonoManager ReloadAssembly
Symbol file LoadedFromMemory doesn't match image D:\Files\Personal Files\Documents\Personal Docs\MS\THI\Sem 2 - Assignments\AR VR\Git Final\ar-vr-thi-app\Library\PackageCache\com.unity.visualscripting@1.7.8\Editor\VisualScripting.Core\Dependencies\DotNetZip\Unity.VisualScripting.IonicZip.dll
Symbol file LoadedFromMemory doesn't match image D:\Files\Personal Files\Documents\Personal Docs\MS\THI\Sem 2 - Assignments\AR VR\Git Final\ar-vr-thi-app\Library\PackageCache\com.unity.visualscripting@1.7.8\Editor\VisualScripting.Core\Dependencies\YamlDotNet\Unity.VisualScripting.YamlDotNet.dll
Native extension for WindowsStandalone target not found
Refreshing native plugins compatible for Editor in 1.40 ms, found 15 plugins.
Preloading 0 native plugins for Editor in 0.00 ms.
Mono: successfully reloaded assembly
- Completed reload, in  1.654 seconds
Domain Reload Profiling:
	ReloadAssembly (1656ms)
		BeginReloadAssembly (155ms)
			ExecutionOrderSort (0ms)
			DisableScriptedObjects (5ms)
			BackupInstance (0ms)
			ReleaseScriptingObjects (0ms)
			CreateAndSetChildDomain (49ms)
		EndReloadAssembly (1388ms)
			LoadAssemblies (105ms)
			RebuildTransferFunctionScriptingTraits (0ms)
			SetupTypeCache (392ms)
			ReleaseScriptCaches (1ms)
			RebuildScriptCaches (48ms)
			SetupLoadedEditorAssemblies (747ms)
				LogAssemblyErrors (0ms)
				InitializePlatformSupportModulesInManaged (12ms)
				SetLoadedEditorAssemblies (1ms)
				RefreshPlugins (1ms)
				BeforeProcessingInitializeOnLoad (87ms)
				ProcessInitializeOnLoadAttributes (564ms)
				ProcessInitializeOnLoadMethodAttributes (67ms)
				AfterProcessingInitializeOnLoad (15ms)
				EditorAssembliesLoaded (1ms)
			ExecutionOrderSort2 (0ms)
			AwakeInstancesAfterBackupRestoration (15ms)
Platform modules already initialized, skipping
Refreshing native plugins compatible for Editor in 30.80 ms, found 15 plugins.
Preloading 0 native plugins for Editor in 0.00 ms.
Unloading 5358 Unused Serialized files (Serialized files now loaded: 0)
Unloading 81 unused Assets / (26.8 KB). Loaded Objects now: 5899.
Memory consumption went from 209.4 MB to 209.4 MB.
Total: 14.268700 ms (FindLiveObjects: 1.209500 ms CreateObjectMapping: 1.255200 ms MarkObjects: 11.692500 ms  DeleteObjects: 0.109000 ms)

AssetImportParameters requested are different than current active one (requested -> active):
  custom:video-decoder-ogg-theora: a1e56fd34408186e4bbccfd4996cb3dc -> 
  custom:container-muxer-webm: aa71ff27fc2769a1b78a27578f13a17b -> 
  custom:container-demuxer-webm: 4f35f7cbe854078d1ac9338744f61a02 -> 
  custom:video-encoder-webm-vp8: eb34c28f22e8b96e1ab97ce403110664 -> 
  custom:video-codec-MediaFoundation-h265: 746d11721c4dcdbdad8f713fa42b33f4 -> 
  custom:audio-encoder-webm-vorbis: bf7c407c2cedff20999df2af8eb42d56 -> 
  custom:framework-win-MediaFoundation: 216162199b28c13a410421893ffa2e32 -> 
  custom:container-demuxer-ogg: 62fdf1f143b41e24485cea50d1cbac27 -> 
  custom:video-decoder-webm-vp8: 9c59270c3fd7afecdb556c50c9e8de78 -> 
  custom:audio-decoder-ogg-vorbis: bf7c407c2cedff20999df2af8eb42d56 -> 
