Using pre-set license
Built from '2021.3/staging' branch; Version is '2021.3.9f1 (ad3870b89536) revision 11352176'; Using compiler version '192829333'; Build Type 'Release'
OS: 'Windows 10  (10.0.19044) 64bit Education' Language: 'de' Physical Memory: 65224 MB
BatchMode: 1, IsHumanControllingUs: 0, StartBugReporterOnCrash: 0, Is64bit: 1, IsPro: 1

COMMAND LINE ARGUMENTS:
C:\Program Files\Unity\Hub\Editor\2021.3.9f1\Editor\Unity.exe
-adb2
-batchMode
-noUpm
-name
AssetImportWorker0
-projectPath
C:/Users/student/Documents/GitHub/ar-vr-thi-app
-logFile
Logs/AssetImportWorker0.log
-srvPort
55057
Successfully changed project path to: C:/Users/student/Documents/GitHub/ar-vr-thi-app
C:/Users/student/Documents/GitHub/ar-vr-thi-app
[UnityMemory] Configuration Parameters - Can be set up in boot.config
    "memorysetup-bucket-allocator-granularity=16"
    "memorysetup-bucket-allocator-bucket-count=8"
    "memorysetup-bucket-allocator-block-size=33554432"
    "memorysetup-bucket-allocator-block-count=8"
    "memorysetup-main-allocator-block-size=16777216"
    "memorysetup-thread-allocator-block-size=16777216"
    "memorysetup-gfx-main-allocator-block-size=16777216"
    "memorysetup-gfx-thread-allocator-block-size=16777216"
    "memorysetup-cache-allocator-block-size=4194304"
    "memorysetup-typetree-allocator-block-size=2097152"
    "memorysetup-profiler-bucket-allocator-granularity=16"
    "memorysetup-profiler-bucket-allocator-bucket-count=8"
    "memorysetup-profiler-bucket-allocator-block-size=33554432"
    "memorysetup-profiler-bucket-allocator-block-count=8"
    "memorysetup-profiler-allocator-block-size=16777216"
    "memorysetup-profiler-editor-allocator-block-size=1048576"
    "memorysetup-temp-allocator-size-main=16777216"
    "memorysetup-job-temp-allocator-block-size=2097152"
    "memorysetup-job-temp-allocator-block-size-background=1048576"
    "memorysetup-job-temp-allocator-reduction-small-platforms=262144"
    "memorysetup-temp-allocator-size-background-worker=32768"
    "memorysetup-temp-allocator-size-job-worker=262144"
    "memorysetup-temp-allocator-size-preload-manager=33554432"
    "memorysetup-temp-allocator-size-nav-mesh-worker=65536"
    "memorysetup-temp-allocator-size-audio-worker=65536"
    "memorysetup-temp-allocator-size-cloud-worker=32768"
    "memorysetup-temp-allocator-size-gi-baking-worker=262144"
    "memorysetup-temp-allocator-size-gfx=262144"
Refreshing native plugins compatible for Editor in 120.68 ms, found 15 plugins.
Preloading 0 native plugins for Editor in 0.00 ms.
Initialize engine version: 2021.3.9f1 (ad3870b89536)
[Subsystems] Discovering subsystems at path C:/Program Files/Unity/Hub/Editor/2021.3.9f1/Editor/Data/Resources/UnitySubsystems
[Subsystems] Discovering subsystems at path C:/Users/student/Documents/GitHub/ar-vr-thi-app/Assets
GfxDevice: creating device client; threaded=0; jobified=0
Direct3D:
    Version:  Direct3D 11.0 [level 11.1]
    Renderer: NVIDIA GeForce RTX 3070 (ID=0x2488)
    Vendor:   NVIDIA
    VRAM:     8043 MB
    Driver:   31.0.15.1694
Initialize mono
Mono path[0] = 'C:/Program Files/Unity/Hub/Editor/2021.3.9f1/Editor/Data/Managed'
Mono path[1] = 'C:/Program Files/Unity/Hub/Editor/2021.3.9f1/Editor/Data/MonoBleedingEdge/lib/mono/unityjit-win32'
Mono config path = 'C:/Program Files/Unity/Hub/Editor/2021.3.9f1/Editor/Data/MonoBleedingEdge/etc'
Using monoOptions --debugger-agent=transport=dt_socket,embedding=1,server=y,suspend=n,address=127.0.0.1:56624
Begin MonoManager ReloadAssembly
Registering precompiled unity dll's ...
Register platform support module: C:/Program Files/Unity/Hub/Editor/2021.3.9f1/Editor/Data/PlaybackEngines/WebGLSupport/UnityEditor.WebGL.Extensions.dll
Register platform support module: C:/Program Files/Unity/Hub/Editor/2021.3.9f1/Editor/Data/PlaybackEngines/MacStandaloneSupport/UnityEditor.OSXStandalone.Extensions.dll
Register platform support module: C:/Program Files/Unity/Hub/Editor/2021.3.9f1/Editor/Data/PlaybackEngines/AndroidPlayer/UnityEditor.Android.Extensions.dll
Register platform support module: C:/Program Files/Unity/Hub/Editor/2021.3.9f1/Editor/Data/PlaybackEngines/iOSSupport/UnityEditor.iOS.Extensions.dll
Register platform support module: C:/Program Files/Unity/Hub/Editor/2021.3.9f1/Editor/Data/PlaybackEngines/WindowsStandaloneSupport/UnityEditor.WindowsStandalone.Extensions.dll
Register platform support module: C:/Program Files/Unity/Hub/Editor/2021.3.9f1/Editor/Data/PlaybackEngines/LinuxStandaloneSupport/UnityEditor.LinuxStandalone.Extensions.dll
Register platform support module: C:/Program Files/Unity/Hub/Editor/2021.3.9f1/Editor/Data/PlaybackEngines/MetroSupport/UnityEditor.UWP.Extensions.dll
Registered in 0.010257 seconds.
Native extension for UWP target not found
Native extension for LinuxStandalone target not found
Native extension for WindowsStandalone target not found
[usbmuxd] Start listen thread
[usbmuxd] Listen thread started
Native extension for iOS target not found
Native extension for Android target not found
Native extension for OSXStandalone target not found
Native extension for WebGL target not found
Refreshing native plugins compatible for Editor in 102.66 ms, found 15 plugins.
Preloading 0 native plugins for Editor in 0.00 ms.
Mono: successfully reloaded assembly
- Completed reload, in  0.658 seconds
Domain Reload Profiling:
	ReloadAssembly (658ms)
		BeginReloadAssembly (48ms)
			ExecutionOrderSort (0ms)
			DisableScriptedObjects (0ms)
			BackupInstance (0ms)
			ReleaseScriptingObjects (0ms)
			CreateAndSetChildDomain (0ms)
		EndReloadAssembly (499ms)
			LoadAssemblies (49ms)
			RebuildTransferFunctionScriptingTraits (0ms)
			SetupTypeCache (106ms)
			ReleaseScriptCaches (0ms)
			RebuildScriptCaches (26ms)
			SetupLoadedEditorAssemblies (312ms)
				LogAssemblyErrors (0ms)
				InitializePlatformSupportModulesInManaged (73ms)
				SetLoadedEditorAssemblies (0ms)
				RefreshPlugins (103ms)
				BeforeProcessingInitializeOnLoad (1ms)
				ProcessInitializeOnLoadAttributes (93ms)
				ProcessInitializeOnLoadMethodAttributes (42ms)
				AfterProcessingInitializeOnLoad (0ms)
				EditorAssembliesLoaded (0ms)
			ExecutionOrderSort2 (0ms)
			AwakeInstancesAfterBackupRestoration (0ms)
Platform modules already initialized, skipping
Registering precompiled user dll's ...
Registered in 0.013489 seconds.
Begin MonoManager ReloadAssembly
Symbol file LoadedFromMemory doesn't match image C:\Users\student\Documents\GitHub\ar-vr-thi-app\Library\PackageCache\com.unity.visualscripting@1.7.8\Editor\VisualScripting.Core\Dependencies\DotNetZip\Unity.VisualScripting.IonicZip.dll
Symbol file LoadedFromMemory doesn't match image C:\Users\student\Documents\GitHub\ar-vr-thi-app\Library\PackageCache\com.unity.visualscripting@1.7.8\Editor\VisualScripting.Core\Dependencies\YamlDotNet\Unity.VisualScripting.YamlDotNet.dll
Native extension for UWP target not found
Native extension for LinuxStandalone target not found
Native extension for WindowsStandalone target not found
Native extension for iOS target not found
Native extension for Android target not found
Native extension for OSXStandalone target not found
Native extension for WebGL target not found
Refreshing native plugins compatible for Editor in 101.23 ms, found 15 plugins.
Preloading 0 native plugins for Editor in 0.00 ms.
Package Manager log level set to [2]
Error saving file Library/StateCache/LayerSettings/9e/9ecc5c3c162a7aba29bafa64c8b94b7c.json. Error: System.IO.IOException: Sharing violation on path C:\Users\student\Documents\GitHub\ar-vr-thi-app\Library\StateCache\LayerSettings\9e\9ecc5c3c162a7aba29bafa64c8b94b7c.json
  at System.IO.FileStream..ctor (System.String path, System.IO.FileMode mode, System.IO.FileAccess access, System.IO.FileShare share, System.Int32 bufferSize, System.Boolean anonymous, System.IO.FileOptions options) [0x0019e] in <9aad1b3a47484d63ba2b3985692d80e9>:0 
  at System.IO.FileStream..ctor (System.String path, System.IO.FileMode mode, System.IO.FileAccess access, System.IO.FileShare share, System.Int32 bufferSize, System.IO.FileOptions options) [0x00000] in <9aad1b3a47484d63ba2b3985692d80e9>:0 
  at (wrapper remoting-invoke-with-check) System.IO.FileStream..ctor(string,System.IO.FileMode,System.IO.FileAccess,System.IO.FileShare,int,System.IO.FileOptions)
  at System.IO.StreamWriter..ctor (System.String path, System.Boolean append, System.Text.Encoding encoding, System.Int32 bufferSize) [0x00055] in <9aad1b3a47484d63ba2b3985692d80e9>:0 
  at System.IO.StreamWriter..ctor (System.String path, System.Boolean append, System.Text.Encoding encoding) [0x00000] in <9aad1b3a47484d63ba2b3985692d80e9>:0 
  at (wrapper remoting-invoke-with-check) System.IO.StreamWriter..ctor(string,bool,System.Text.Encoding)
  at System.IO.File.WriteAllText (System.String path, System.String contents, System.Text.Encoding encoding) [0x00034] in <9aad1b3a47484d63ba2b3985692d80e9>:0 
  at UnityEditor.StateCache`1[T].SetState (UnityEngine.Hash128 key, T obj) [0x0004b] in <0d6ce211ebbc47e1a35a84c3672ff58f>:0 
UnityEngine.StackTraceUtility:ExtractStackTrace ()
UnityEngine.DebugLogHandler:LogFormat (UnityEngine.LogType,UnityEngine.Object,string,object[])
UnityEngine.Logger:Log (UnityEngine.LogType,object)
UnityEngine.Debug:LogError (object)
UnityEditor.StateCache`1<UnityEditor.Tools/LayerSettings>:SetState (UnityEngine.Hash128,UnityEditor.Tools/LayerSettings)
UnityEditor.Tools:set_lockedLayers (int)
UnityEditor.Tools:OnEnable ()
UnityEngine.ScriptableObject:CreateInstance (System.Type)
UnityEngine.ScriptableObject:CreateInstance<UnityEditor.Tools> ()
UnityEditor.Tools:get_get ()
UnityEditor.Tools:get_visibleLayers ()
UnityEditor.Animations.Rigging.BoneRendererUtils:.cctor () (at Library/PackageCache/com.unity.animation.rigging@1.1.1/Editor/Utils/BoneRendererUtils.cs:121)
System.Runtime.CompilerServices.RuntimeHelpers:RunClassConstructor (System.RuntimeTypeHandle)
UnityEditor.EditorAssemblies:ProcessInitializeOnLoadAttributes (System.Type[])

(Filename: Library/PackageCache/com.unity.animation.rigging@1.1.1/Editor/Utils/BoneRendererUtils.cs Line: 121)

Mono: successfully reloaded assembly
- Completed reload, in  1.444 seconds
Domain Reload Profiling:
	ReloadAssembly (1445ms)
		BeginReloadAssembly (180ms)
			ExecutionOrderSort (0ms)
			DisableScriptedObjects (6ms)
			BackupInstance (0ms)
			ReleaseScriptingObjects (0ms)
			CreateAndSetChildDomain (118ms)
		EndReloadAssembly (1147ms)
			LoadAssemblies (70ms)
			RebuildTransferFunctionScriptingTraits (0ms)
			SetupTypeCache (291ms)
			ReleaseScriptCaches (1ms)
			RebuildScriptCaches (74ms)
			SetupLoadedEditorAssemblies (633ms)
				LogAssemblyErrors (0ms)
				InitializePlatformSupportModulesInManaged (31ms)
				SetLoadedEditorAssemblies (0ms)
				RefreshPlugins (101ms)
				BeforeProcessingInitializeOnLoad (115ms)
				ProcessInitializeOnLoadAttributes (351ms)
				ProcessInitializeOnLoadMethodAttributes (27ms)
				AfterProcessingInitializeOnLoad (7ms)
				EditorAssembliesLoaded (0ms)
			ExecutionOrderSort2 (0ms)
			AwakeInstancesAfterBackupRestoration (5ms)
Platform modules already initialized, skipping
========================================================================
Worker process is ready to serve import requests
Launched and connected shader compiler UnityShaderCompiler.exe after 0.03 seconds
Refreshing native plugins compatible for Editor in 1.29 ms, found 15 plugins.
Preloading 0 native plugins for Editor in 0.00 ms.
Unloading 5420 Unused Serialized files (Serialized files now loaded: 0)
Unloading 92 unused Assets / (58.7 KB). Loaded Objects now: 5832.
Memory consumption went from 206.4 MB to 206.3 MB.
Total: 3.845600 ms (FindLiveObjects: 0.727800 ms CreateObjectMapping: 0.183400 ms MarkObjects: 2.829200 ms  DeleteObjects: 0.104300 ms)

AssetImportParameters requested are different than current active one (requested -> active):
  custom:video-decoder-ogg-theora: a1e56fd34408186e4bbccfd4996cb3dc -> 
  custom:container-muxer-webm: aa71ff27fc2769a1b78a27578f13a17b -> 
  custom:container-demuxer-webm: 4f35f7cbe854078d1ac9338744f61a02 -> 
  custom:video-encoder-webm-vp8: eb34c28f22e8b96e1ab97ce403110664 -> 
  custom:audio-encoder-webm-vorbis: bf7c407c2cedff20999df2af8eb42d56 -> 
  custom:framework-win-MediaFoundation: 216162199b28c13a410421893ffa2e32 -> 
  custom:container-demuxer-ogg: 62fdf1f143b41e24485cea50d1cbac27 -> 
  custom:video-decoder-webm-vp8: 9c59270c3fd7afecdb556c50c9e8de78 -> 
  custom:audio-decoder-ogg-vorbis: bf7c407c2cedff20999df2af8eb42d56 -> 
========================================================================
Received Import Request.
  Time since last request: 2993.089803 seconds.
  path: Assets/Materials/Red.mat
  artifactKey: Guid(1447f5e0f16a0e545875cbeeb1bf293c) Importer(815301076,1909f56bfc062723c751e8b465ee728b)
Start importing Assets/Materials/Red.mat using Guid(1447f5e0f16a0e545875cbeeb1bf293c) Importer(815301076,1909f56bfc062723c751e8b465ee728b)  -> (artifact id: '8bc79ff8e5e7db779cee27f4bcf5fe53') in 0.118295 seconds 
========================================================================
Received Import Request.
  Time since last request: 0.000022 seconds.
  path: Assets/Materials_V2/Glass.mat
  artifactKey: Guid(96b06d794c488204f94032e8c834a1a6) Importer(815301076,1909f56bfc062723c751e8b465ee728b)
Start importing Assets/Materials_V2/Glass.mat using Guid(96b06d794c488204f94032e8c834a1a6) Importer(815301076,1909f56bfc062723c751e8b465ee728b)  -> (artifact id: 'ea705bddf670321610afc81ca8835b89') in 0.061275 seconds 
========================================================================
Received Import Request.
  Time since last request: 0.000017 seconds.
  path: Assets/Materials/Transparent.mat
  artifactKey: Guid(9f21b7a1f3241dc4a96be4d24313f7a9) Importer(815301076,1909f56bfc062723c751e8b465ee728b)
Start importing Assets/Materials/Transparent.mat using Guid(9f21b7a1f3241dc4a96be4d24313f7a9) Importer(815301076,1909f56bfc062723c751e8b465ee728b)  -> (artifact id: '86654e4c827484f40f1596333b50f38b') in 0.039828 seconds 
========================================================================
Received Import Request.
  Time since last request: 0.000022 seconds.
  path: Assets/Materials/CheckerPlane.mat
  artifactKey: Guid(b2f0ea985a08c994c8ffbb51f7adb949) Importer(815301076,1909f56bfc062723c751e8b465ee728b)
Start importing Assets/Materials/CheckerPlane.mat using Guid(b2f0ea985a08c994c8ffbb51f7adb949) Importer(815301076,1909f56bfc062723c751e8b465ee728b)  -> (artifact id: '1e767b592200cfa5ec24f891a3ef1cf9') in 0.082775 seconds 
========================================================================
Received Import Request.
  Time since last request: 0.000029 seconds.
  path: Assets/Materials/Green.mat
  artifactKey: Guid(b3cbabc8a23d2db4683a5e37a154c967) Importer(815301076,1909f56bfc062723c751e8b465ee728b)
Start importing Assets/Materials/Green.mat using Guid(b3cbabc8a23d2db4683a5e37a154c967) Importer(815301076,1909f56bfc062723c751e8b465ee728b)  -> (artifact id: '8c300676cd82a9d284597f4da1cb68ce') in 0.040922 seconds 
========================================================================
Received Import Request.
  Time since last request: 0.000020 seconds.
  path: Assets/Materials_V2/Marble.mat
  artifactKey: Guid(3b31516db5cbd1545bd9c44bb195cfd2) Importer(815301076,1909f56bfc062723c751e8b465ee728b)
Start importing Assets/Materials_V2/Marble.mat using Guid(3b31516db5cbd1545bd9c44bb195cfd2) Importer(815301076,1909f56bfc062723c751e8b465ee728b)  -> (artifact id: '10d492a9deb40ec42a5735c6545dbb3b') in 0.076869 seconds 
========================================================================
Received Import Request.
  Time since last request: 0.000019 seconds.
  path: Assets/Materials_V2/Boulder.mat
  artifactKey: Guid(496d12aa102eb824d9c24f3d222e73db) Importer(815301076,1909f56bfc062723c751e8b465ee728b)
Start importing Assets/Materials_V2/Boulder.mat using Guid(496d12aa102eb824d9c24f3d222e73db) Importer(815301076,1909f56bfc062723c751e8b465ee728b)  -> (artifact id: '9bda11f43a16d678683109f9428af025') in 0.020608 seconds 
========================================================================
Received Import Request.
  Time since last request: 0.000019 seconds.
  path: Assets/Materials/White.mat
  artifactKey: Guid(0a1fb65d18bcefc459008a6a809a3635) Importer(815301076,1909f56bfc062723c751e8b465ee728b)
Start importing Assets/Materials/White.mat using Guid(0a1fb65d18bcefc459008a6a809a3635) Importer(815301076,1909f56bfc062723c751e8b465ee728b)  -> (artifact id: '7b3aaa48cf3c3c891a7af398bd80662d') in 0.011773 seconds 
========================================================================
Received Import Request.
  Time since last request: 0.509101 seconds.
  path: Assets/Materials_V2/Room
  artifactKey: Guid(4e090f17319350c49a906677379eb842) Importer(815301076,1909f56bfc062723c751e8b465ee728b)
Start importing Assets/Materials_V2/Room using Guid(4e090f17319350c49a906677379eb842) Importer(815301076,1909f56bfc062723c751e8b465ee728b)  -> (artifact id: '3bbfca09acefad95fe3ef52be1850c88') in 0.005010 seconds 
========================================================================
Received Import Request.
  Time since last request: 0.089585 seconds.
  path: Assets/Materials_V2/Room/aerial_asphalt_01_diff_2k.jpg
  artifactKey: Guid(67e6003217a559044b271cd6a4cf7fe2) Importer(815301076,1909f56bfc062723c751e8b465ee728b)
Start importing Assets/Materials_V2/Room/aerial_asphalt_01_diff_2k.jpg using Guid(67e6003217a559044b271cd6a4cf7fe2) Importer(815301076,1909f56bfc062723c751e8b465ee728b)  -> (artifact id: 'e0951c864c3a218abacd65eb479631da') in 0.022253 seconds 
========================================================================
Received Import Request.
  Time since last request: 0.000023 seconds.
  path: Assets/Materials_V2/Room/wood_cabinet_worn_long_diff_2k.jpg
  artifactKey: Guid(7f3066eb897367f4b84b8a4620ec2b26) Importer(815301076,1909f56bfc062723c751e8b465ee728b)
Start importing Assets/Materials_V2/Room/wood_cabinet_worn_long_diff_2k.jpg using Guid(7f3066eb897367f4b84b8a4620ec2b26) Importer(815301076,1909f56bfc062723c751e8b465ee728b)  -> (artifact id: '0a9e39aa676f57c8cd6613ca55e9d298') in 0.012673 seconds 
========================================================================
Received Import Request.
  Time since last request: 0.000028 seconds.
  path: Assets/Materials_V2/Room/laminate_floor_diff_2k.jpg
  artifactKey: Guid(fa7408b9826dd0e46a1bb699f2418282) Importer(815301076,1909f56bfc062723c751e8b465ee728b)
Start importing Assets/Materials_V2/Room/laminate_floor_diff_2k.jpg using Guid(fa7408b9826dd0e46a1bb699f2418282) Importer(815301076,1909f56bfc062723c751e8b465ee728b)  -> (artifact id: 'e8f1091cc7cb48141e0c07d9a432c622') in 0.016064 seconds 
========================================================================
Received Import Request.
  Time since last request: 0.000019 seconds.
  path: Assets/Materials_V2/Room/synthetic_wood_diff_2k.jpg
  artifactKey: Guid(70441d076378ee74db4cea4c1e4fddd5) Importer(815301076,1909f56bfc062723c751e8b465ee728b)
Start importing Assets/Materials_V2/Room/synthetic_wood_diff_2k.jpg using Guid(70441d076378ee74db4cea4c1e4fddd5) Importer(815301076,1909f56bfc062723c751e8b465ee728b)  -> (artifact id: '0e3ba11e83f3c82c8e291feb0e456ee3') in 0.012208 seconds 
========================================================================
Received Import Request.
  Time since last request: 0.000019 seconds.
  path: Assets/Materials_V2/Room/brick_wall_001_diffuse_2k.jpg
  artifactKey: Guid(ae1cc8f565a5e9f46a84a34617296fa7) Importer(815301076,1909f56bfc062723c751e8b465ee728b)
Start importing Assets/Materials_V2/Room/brick_wall_001_diffuse_2k.jpg using Guid(ae1cc8f565a5e9f46a84a34617296fa7) Importer(815301076,1909f56bfc062723c751e8b465ee728b)  -> (artifact id: '83143ee3992828ed87aa42220f0dd2c4') in 0.012823 seconds 
========================================================================
Received Import Request.
  Time since last request: 0.000021 seconds.
  path: Assets/Materials_V2/Room/F.jpg
  artifactKey: Guid(2dde196e22710524bae39d666ab7064d) Importer(815301076,1909f56bfc062723c751e8b465ee728b)
Start importing Assets/Materials_V2/Room/F.jpg using Guid(2dde196e22710524bae39d666ab7064d) Importer(815301076,1909f56bfc062723c751e8b465ee728b)  -> (artifact id: 'd33178d2cefccbd48f4edbc063eed6f4') in 0.011222 seconds 
========================================================================
Received Import Request.
  Time since last request: 0.000020 seconds.
  path: Assets/Materials_V2/Room/Screenshot 2022-11-29 111809.png
  artifactKey: Guid(7ede0217b93e2e04086cea2845110b75) Importer(815301076,1909f56bfc062723c751e8b465ee728b)
Start importing Assets/Materials_V2/Room/Screenshot 2022-11-29 111809.png using Guid(7ede0217b93e2e04086cea2845110b75) Importer(815301076,1909f56bfc062723c751e8b465ee728b)  -> (artifact id: '3d7bd8621831fceebf74f11cd12d10f4') in 0.012493 seconds 
========================================================================
Received Import Request.
  Time since last request: 0.000018 seconds.
  path: Assets/Materials_V2/Room/Screenshot 2022-11-29 111731.png
  artifactKey: Guid(5c6c749049eeaa544a1bcac3a45fcd90) Importer(815301076,1909f56bfc062723c751e8b465ee728b)
Start importing Assets/Materials_V2/Room/Screenshot 2022-11-29 111731.png using Guid(5c6c749049eeaa544a1bcac3a45fcd90) Importer(815301076,1909f56bfc062723c751e8b465ee728b)  -> (artifact id: '17fd6811647aedbfea094777eb013189') in 0.012117 seconds 
========================================================================
Received Import Request.
  Time since last request: 0.000018 seconds.
  path: Assets/Materials_V2/Room/brick_wall_001_displacement_2k.png
  artifactKey: Guid(f7c8ab78a328bb449afbb1fa5843b1cd) Importer(815301076,1909f56bfc062723c751e8b465ee728b)
Start importing Assets/Materials_V2/Room/brick_wall_001_displacement_2k.png using Guid(f7c8ab78a328bb449afbb1fa5843b1cd) Importer(815301076,1909f56bfc062723c751e8b465ee728b)  -> (artifact id: '1d27bd7a36301ea0ab983db6cbbeeccb') in 0.026802 seconds 
========================================================================
Received Import Request.
  Time since last request: 1.008925 seconds.
  path: Assets/Materials_V2/Room/Materials
  artifactKey: Guid(b31c4792f82a05049b498ef3d0de8b93) Importer(815301076,1909f56bfc062723c751e8b465ee728b)
Start importing Assets/Materials_V2/Room/Materials using Guid(b31c4792f82a05049b498ef3d0de8b93) Importer(815301076,1909f56bfc062723c751e8b465ee728b)  -> (artifact id: '1295cbc8e80f7e5aaaaeed2d94a0a3f3') in 0.006498 seconds 
========================================================================
Received Import Request.
  Time since last request: 0.092646 seconds.
  path: Assets/Materials_V2/Room/Materials/aerial_asphalt_01_diff_2k.mat
  artifactKey: Guid(2996aa7f11c348f46809104f5b582b72) Importer(815301076,1909f56bfc062723c751e8b465ee728b)
Start importing Assets/Materials_V2/Room/Materials/aerial_asphalt_01_diff_2k.mat using Guid(2996aa7f11c348f46809104f5b582b72) Importer(815301076,1909f56bfc062723c751e8b465ee728b)  -> (artifact id: '2400e56f1c8f8f0dd646e31c073bea93') in 0.014220 seconds 
========================================================================
Received Import Request.
  Time since last request: 0.000020 seconds.
  path: Assets/Materials_V2/Room/Materials/sandstone_brick_wall_01_diff_2k.mat
  artifactKey: Guid(69ab966b5e65ad0448d431cdc803b3e5) Importer(815301076,1909f56bfc062723c751e8b465ee728b)
Start importing Assets/Materials_V2/Room/Materials/sandstone_brick_wall_01_diff_2k.mat using Guid(69ab966b5e65ad0448d431cdc803b3e5) Importer(815301076,1909f56bfc062723c751e8b465ee728b)  -> (artifact id: 'e46de90f2a1fae77142032a260060bf3') in 0.013920 seconds 
========================================================================
Received Import Request.
  Time since last request: 0.000018 seconds.
  path: Assets/Materials_V2/Room/Materials/brick_wall_001_diffuse_2k.mat
  artifactKey: Guid(2ca95d7da847a1643b9c0d60356df38a) Importer(815301076,1909f56bfc062723c751e8b465ee728b)
Start importing Assets/Materials_V2/Room/Materials/brick_wall_001_diffuse_2k.mat using Guid(2ca95d7da847a1643b9c0d60356df38a) Importer(815301076,1909f56bfc062723c751e8b465ee728b)  -> (artifact id: '1ca6582f07a241f598ed28404228a19f') in 0.012796 seconds 
========================================================================
Received Import Request.
  Time since last request: 0.000019 seconds.
  path: Assets/Materials_V2/Room/Materials/red_bricks_04_diff_2k.mat
  artifactKey: Guid(97d300b7f1475794a9b3c7cf1698c023) Importer(815301076,1909f56bfc062723c751e8b465ee728b)
Start importing Assets/Materials_V2/Room/Materials/red_bricks_04_diff_2k.mat using Guid(97d300b7f1475794a9b3c7cf1698c023) Importer(815301076,1909f56bfc062723c751e8b465ee728b)  -> (artifact id: '9746e38fa7bc731f4eb16e62a3fbc190') in 0.012248 seconds 
========================================================================
Received Import Request.
  Time since last request: 0.000018 seconds.
  path: Assets/Materials_V2/Room/Materials/concrete_wall_004_disp_2k.mat
  artifactKey: Guid(bbfafcc67e0d48149abb9c5f7f8d93ad) Importer(815301076,1909f56bfc062723c751e8b465ee728b)
Start importing Assets/Materials_V2/Room/Materials/concrete_wall_004_disp_2k.mat using Guid(bbfafcc67e0d48149abb9c5f7f8d93ad) Importer(815301076,1909f56bfc062723c751e8b465ee728b)  -> (artifact id: '4cb4c00f7a412e6d018e21173248ca5d') in 0.010865 seconds 
========================================================================
Received Import Request.
  Time since last request: 0.000017 seconds.
  path: Assets/Materials_V2/Room/Materials/laminate_floor_diff_2k.mat
  artifactKey: Guid(b9f2ac0b609675b4490912151771a4af) Importer(815301076,1909f56bfc062723c751e8b465ee728b)
Start importing Assets/Materials_V2/Room/Materials/laminate_floor_diff_2k.mat using Guid(b9f2ac0b609675b4490912151771a4af) Importer(815301076,1909f56bfc062723c751e8b465ee728b)  -> (artifact id: '425b9d0ce0e16bd43d3d278d796c16b6') in 0.013054 seconds 
========================================================================
Received Import Request.
  Time since last request: 0.000018 seconds.
  path: Assets/Materials_V2/Room/Materials/snow_04_diff_2k.mat
  artifactKey: Guid(2ff57e7e782d6c74490769bc8ea8d9b9) Importer(815301076,1909f56bfc062723c751e8b465ee728b)
Start importing Assets/Materials_V2/Room/Materials/snow_04_diff_2k.mat using Guid(2ff57e7e782d6c74490769bc8ea8d9b9) Importer(815301076,1909f56bfc062723c751e8b465ee728b)  -> (artifact id: '8bde546b01be7d29d14da8ea4eb59022') in 0.012525 seconds 
========================================================================
Received Import Request.
  Time since last request: 0.000019 seconds.
  path: Assets/Materials_V2/Room/Materials/brick_wall_001_displacement_2k.mat
  artifactKey: Guid(4824549118016f548af1df91aa7cf7b8) Importer(815301076,1909f56bfc062723c751e8b465ee728b)
Start importing Assets/Materials_V2/Room/Materials/brick_wall_001_displacement_2k.mat using Guid(4824549118016f548af1df91aa7cf7b8) Importer(815301076,1909f56bfc062723c751e8b465ee728b)  -> (artifact id: 'efda49acfae275dddb2959b7d68d3bdd') in 0.012384 seconds 
========================================================================
Received Import Request.
  Time since last request: 28.282004 seconds.
  path: Assets/Scene_assets
  artifactKey: Guid(89b7e558e5d5d96448ffe259683ee258) Importer(815301076,1909f56bfc062723c751e8b465ee728b)
Start importing Assets/Scene_assets using Guid(89b7e558e5d5d96448ffe259683ee258) Importer(815301076,1909f56bfc062723c751e8b465ee728b)  -> (artifact id: 'e8f8400d2d222ec145143d4dbe5824ad') in 0.006882 seconds 
========================================================================
Received Import Request.
  Time since last request: 0.090364 seconds.
  path: Assets/Scene_assets/2_Euro.blend
  artifactKey: Guid(7520f32eb9020ba408ffc3528ee01e25) Importer(815301076,1909f56bfc062723c751e8b465ee728b)
Start importing Assets/Scene_assets/2_Euro.blend using Guid(7520f32eb9020ba408ffc3528ee01e25) Importer(815301076,1909f56bfc062723c751e8b465ee728b)  -> (artifact id: 'e640b40709b273aa055bab488039532f') in 0.045971 seconds 
========================================================================
Received Import Request.
  Time since last request: 0.000019 seconds.
  path: Assets/Scene_assets/Beer.blend
  artifactKey: Guid(f3673ae588d495b4396d9fd78c90d21c) Importer(815301076,1909f56bfc062723c751e8b465ee728b)
Start importing Assets/Scene_assets/Beer.blend using Guid(f3673ae588d495b4396d9fd78c90d21c) Importer(815301076,1909f56bfc062723c751e8b465ee728b)  -> (artifact id: '5c09de48b0d6e99d01e45f8555424ad1') in 0.056585 seconds 
========================================================================
Received Import Request.
  Time since last request: 0.000023 seconds.
  path: Assets/Scene_assets/Pi.blend
  artifactKey: Guid(5902d5b21f06ad843b76ef33e0decf93) Importer(815301076,1909f56bfc062723c751e8b465ee728b)
Start importing Assets/Scene_assets/Pi.blend using Guid(5902d5b21f06ad843b76ef33e0decf93) Importer(815301076,1909f56bfc062723c751e8b465ee728b)  -> (artifact id: 'c7a79cd93b8ac36e14e8d90ecf0b3a31') in 0.020934 seconds 
========================================================================
Received Import Request.
  Time since last request: 0.000027 seconds.
  path: Assets/Scene_assets/Globe.blend
  artifactKey: Guid(297618202281d654cb371f0cfc38698b) Importer(815301076,1909f56bfc062723c751e8b465ee728b)
Start importing Assets/Scene_assets/Globe.blend using Guid(297618202281d654cb371f0cfc38698b) Importer(815301076,1909f56bfc062723c751e8b465ee728b)  -> (artifact id: '5c219c95642bfa08499b4013bbb84c35') in 0.044732 seconds 
========================================================================
Received Import Request.
  Time since last request: 0.000019 seconds.
  path: Assets/Scene_assets/Pizza.blend
  artifactKey: Guid(e59cdcdb2be81484a854e7e657431d9f) Importer(815301076,1909f56bfc062723c751e8b465ee728b)
Start importing Assets/Scene_assets/Pizza.blend using Guid(e59cdcdb2be81484a854e7e657431d9f) Importer(815301076,1909f56bfc062723c751e8b465ee728b)  -> (artifact id: 'dbbaacfe40b32f2a7ea8ea36f88f7bf2') in 0.095085 seconds 
========================================================================
Received Import Request.
  Time since last request: 0.000020 seconds.
  path: Assets/Scene_assets/Bullet.blend
  artifactKey: Guid(790d76a906fc9b747ba94697ddc937b2) Importer(815301076,1909f56bfc062723c751e8b465ee728b)
Start importing Assets/Scene_assets/Bullet.blend using Guid(790d76a906fc9b747ba94697ddc937b2) Importer(815301076,1909f56bfc062723c751e8b465ee728b)  -> (artifact id: '7871ab7b4b89a0f7a67c7b2a976a7077') in 0.026585 seconds 
========================================================================
Received Import Request.
  Time since last request: 0.000021 seconds.
  path: Assets/Scene_assets/Pirate.blend
  artifactKey: Guid(6c3b910bc8884674482d37a55f08b161) Importer(815301076,1909f56bfc062723c751e8b465ee728b)
Start importing Assets/Scene_assets/Pirate.blend using Guid(6c3b910bc8884674482d37a55f08b161) Importer(815301076,1909f56bfc062723c751e8b465ee728b)  -> (artifact id: '4198fd9c926e44f857447a9105b32f1e') in 0.027760 seconds 
========================================================================
Received Import Request.
  Time since last request: 0.000022 seconds.
  path: Assets/Scene_assets/Dart_Vader.blend
  artifactKey: Guid(dbc3f98ab443ad64eaf346196bc2dd23) Importer(815301076,1909f56bfc062723c751e8b465ee728b)
Start importing Assets/Scene_assets/Dart_Vader.blend using Guid(dbc3f98ab443ad64eaf346196bc2dd23) Importer(815301076,1909f56bfc062723c751e8b465ee728b)  -> (artifact id: 'bb5e642cec55138e5a994006f93da336') in 0.021202 seconds 
========================================================================
Received Import Request.
  Time since last request: 0.000029 seconds.
  path: Assets/Scene_assets/Boulder.blend
  artifactKey: Guid(c880d36cd3b7c5b4aa9dad0b85f83063) Importer(815301076,1909f56bfc062723c751e8b465ee728b)
Start importing Assets/Scene_assets/Boulder.blend using Guid(c880d36cd3b7c5b4aa9dad0b85f83063) Importer(815301076,1909f56bfc062723c751e8b465ee728b)  -> (artifact id: '00dac5340c9b1c527ead01b667f6b998') in 0.020999 seconds 
========================================================================
Received Import Request.
  Time since last request: 0.000022 seconds.
  path: Assets/Scene_assets/Ruler.blend
  artifactKey: Guid(0d7bb5c13522fd744b25a8ed79641f8a) Importer(815301076,1909f56bfc062723c751e8b465ee728b)
Start importing Assets/Scene_assets/Ruler.blend using Guid(0d7bb5c13522fd744b25a8ed79641f8a) Importer(815301076,1909f56bfc062723c751e8b465ee728b)  -> (artifact id: '1257889cb5cd7fae75ac86127e6a5e7b') in 0.021304 seconds 
========================================================================
Received Import Request.
  Time since last request: 0.000021 seconds.
  path: Assets/Scene_assets/Speedometer.blend
  artifactKey: Guid(c4ddc5badd9e0334cac56751a644b8e5) Importer(815301076,1909f56bfc062723c751e8b465ee728b)
Start importing Assets/Scene_assets/Speedometer.blend using Guid(c4ddc5badd9e0334cac56751a644b8e5) Importer(815301076,1909f56bfc062723c751e8b465ee728b)  -> (artifact id: 'c49cb891eabe574ed2933fc1f03ed955') in 0.036582 seconds 
========================================================================
Received Import Request.
  Time since last request: 0.000019 seconds.
  path: Assets/Scene_assets/Spongebob.blend
  artifactKey: Guid(78f94869b72d85b4e974cecad1d83a71) Importer(815301076,1909f56bfc062723c751e8b465ee728b)
Start importing Assets/Scene_assets/Spongebob.blend using Guid(78f94869b72d85b4e974cecad1d83a71) Importer(815301076,1909f56bfc062723c751e8b465ee728b)  -> (artifact id: 'fe0fa34a75e29954d5234cfa74d257cc') in 0.050799 seconds 
========================================================================
Received Import Request.
  Time since last request: 0.000023 seconds.
  path: Assets/Scene_assets/Pendulum.blend
  artifactKey: Guid(7e2aec92e8d4a65459f1ffd62c8e2d44) Importer(815301076,1909f56bfc062723c751e8b465ee728b)
Start importing Assets/Scene_assets/Pendulum.blend using Guid(7e2aec92e8d4a65459f1ffd62c8e2d44) Importer(815301076,1909f56bfc062723c751e8b465ee728b)  -> (artifact id: '11c797d0cac6665812ee47f5d5d1d7ad') in 0.042593 seconds 
========================================================================
Received Import Request.
  Time since last request: 0.000023 seconds.
  path: Assets/Scene_assets/Rocket.blend
  artifactKey: Guid(3443e43bcd98dbd488e06a349bd9d102) Importer(815301076,1909f56bfc062723c751e8b465ee728b)
Start importing Assets/Scene_assets/Rocket.blend using Guid(3443e43bcd98dbd488e06a349bd9d102) Importer(815301076,1909f56bfc062723c751e8b465ee728b)  -> (artifact id: '80789da096eb4cd3f5114386cc497872') in 0.054852 seconds 
========================================================================
Received Import Request.
  Time since last request: 0.000029 seconds.
  path: Assets/Scene_assets/Groot.blend
  artifactKey: Guid(d47f75351b5ecaa4081c9358d1aa2dd7) Importer(815301076,1909f56bfc062723c751e8b465ee728b)
Start importing Assets/Scene_assets/Groot.blend using Guid(d47f75351b5ecaa4081c9358d1aa2dd7) Importer(815301076,1909f56bfc062723c751e8b465ee728b)  -> (artifact id: 'f9446a1515eae371350824acbf32a125') in 0.067730 seconds 
========================================================================
Received Import Request.
  Time since last request: 0.000029 seconds.
  path: Assets/Scene_assets/Ladder.blend
  artifactKey: Guid(a025190479c475f46b62a3f0ac595399) Importer(815301076,1909f56bfc062723c751e8b465ee728b)
Start importing Assets/Scene_assets/Ladder.blend using Guid(a025190479c475f46b62a3f0ac595399) Importer(815301076,1909f56bfc062723c751e8b465ee728b)  -> (artifact id: 'f9f7508b68661ff436f9e5747e9cc857') in 0.023397 seconds 
========================================================================
Received Import Request.
  Time since last request: 0.000024 seconds.
  path: Assets/Scene_assets/Volley_ball.blend
  artifactKey: Guid(998ebe8a23634af4aadb1cc829222b72) Importer(815301076,1909f56bfc062723c751e8b465ee728b)
Start importing Assets/Scene_assets/Volley_ball.blend using Guid(998ebe8a23634af4aadb1cc829222b72) Importer(815301076,1909f56bfc062723c751e8b465ee728b)  -> (artifact id: '4cc6b27c7223b7d780f4ed5ca9c5fca4') in 0.026679 seconds 
========================================================================
Received Import Request.
  Time since last request: 0.000019 seconds.
  path: Assets/Scene_assets/Rainbow.blend
  artifactKey: Guid(45e5b2c7a309c014f8b635092b37ffe5) Importer(815301076,1909f56bfc062723c751e8b465ee728b)
Start importing Assets/Scene_assets/Rainbow.blend using Guid(45e5b2c7a309c014f8b635092b37ffe5) Importer(815301076,1909f56bfc062723c751e8b465ee728b)  -> (artifact id: 'f2fbf74c5dee49f79551b32524ded207') in 0.115648 seconds 
========================================================================
Received Import Request.
  Time since last request: 0.000023 seconds.
  path: Assets/Scene_assets/Clock.blend
  artifactKey: Guid(03636f160376b794e84638dff0f29d1e) Importer(815301076,1909f56bfc062723c751e8b465ee728b)
Start importing Assets/Scene_assets/Clock.blend using Guid(03636f160376b794e84638dff0f29d1e) Importer(815301076,1909f56bfc062723c751e8b465ee728b)  -> (artifact id: '684a2cec1d4bb0b5ca468176eaeb077b') in 0.071627 seconds 
========================================================================
Received Import Request.
  Time since last request: 11.890892 seconds.
  path: Assets/Scene_assets/Board.blend
  artifactKey: Guid(cfcd542212d25d94bbe5f5686b82627d) Importer(815301076,1909f56bfc062723c751e8b465ee728b)
Start importing Assets/Scene_assets/Board.blend using Guid(cfcd542212d25d94bbe5f5686b82627d) Importer(815301076,1909f56bfc062723c751e8b465ee728b)  -> (artifact id: '739d205b9f3a73a7ccfb896b6f97c42b') in 0.118508 seconds 
========================================================================
Received Import Request.
  Time since last request: 128.659720 seconds.
  path: Assets/Materials_V2/solid-concrete-wall-textured-backdrop.jpg
  artifactKey: Guid(1707f4caf95276141a898f2ce3e7df18) Importer(815301076,1909f56bfc062723c751e8b465ee728b)
Start importing Assets/Materials_V2/solid-concrete-wall-textured-backdrop.jpg using Guid(1707f4caf95276141a898f2ce3e7df18) Importer(815301076,1909f56bfc062723c751e8b465ee728b)  -> (artifact id: '8ca96831928ff6d2827134fa6f762c2e') in 0.025319 seconds 
========================================================================
Received Import Request.
  Time since last request: 4.247162 seconds.
  path: Assets/Materials_V2/Screenshot 2022-12-06 001409.png
  artifactKey: Guid(1eedaa27fc7edcc4a96d6584ff9039d4) Importer(815301076,1909f56bfc062723c751e8b465ee728b)
Start importing Assets/Materials_V2/Screenshot 2022-12-06 001409.png using Guid(1eedaa27fc7edcc4a96d6584ff9039d4) Importer(815301076,1909f56bfc062723c751e8b465ee728b)  -> (artifact id: '8780576770c28e1564dd26b6ec821b64') in 0.012397 seconds 
========================================================================
Received Import Request.
  Time since last request: 18.265324 seconds.
  path: Assets/Materials_V2/Materials
  artifactKey: Guid(a52e3eafd69d6824dba50964d42e4255) Importer(815301076,1909f56bfc062723c751e8b465ee728b)
Start importing Assets/Materials_V2/Materials using Guid(a52e3eafd69d6824dba50964d42e4255) Importer(815301076,1909f56bfc062723c751e8b465ee728b)  -> (artifact id: 'bf09f1cad90723ae67b52744065959b4') in 0.005373 seconds 
========================================================================
Received Import Request.
  Time since last request: 0.068244 seconds.
  path: Assets/Materials_V2/Materials/Screenshot 2022-12-06 001409.mat
  artifactKey: Guid(7a340ffe4c60b2f43861eef286020aee) Importer(815301076,1909f56bfc062723c751e8b465ee728b)
Start importing Assets/Materials_V2/Materials/Screenshot 2022-12-06 001409.mat using Guid(7a340ffe4c60b2f43861eef286020aee) Importer(815301076,1909f56bfc062723c751e8b465ee728b)  -> (artifact id: '735928dec674264378cf216382e7a9bc') in 0.012167 seconds 
========================================================================
Received Import Request.
  Time since last request: 3.244382 seconds.
  path: Assets/Materials_V2/Decals
  artifactKey: Guid(ad34925ab4e82b9429cfc8af304bd47c) Importer(815301076,1909f56bfc062723c751e8b465ee728b)
Start importing Assets/Materials_V2/Decals using Guid(ad34925ab4e82b9429cfc8af304bd47c) Importer(815301076,1909f56bfc062723c751e8b465ee728b)  -> (artifact id: 'd523474729e3ad08cdb2b32065488cdf') in 0.005201 seconds 
